#
# A fatal error has been detected by the Java Runtime Environment:
#
#  SIGSEGV (0xb) at pc=0x000000010ce3c7c0, pid=71234, tid=6147
#
# JRE version: Java(TM) SE Runtime Environment (13.0.2+8) (build 13.0.2+8)
# Java VM: Java HotSpot(TM) 64-Bit Server VM (13.0.2+8, mixed mode, sharing, tiered, compressed oops, g1 gc, bsd-amd64)
# Problematic frame:
# j  java.lang.ClassLoader.loadClass(Ljava/lang/String;)Ljava/lang/Class;+-1586505360 java.base@13.0.2
#
# No core dump will be written. Core dumps have been disabled. To enable core dumping, try "ulimit -c unlimited" before starting Java again
#
# If you would like to submit a bug report, please visit:
#   http://bugreport.java.com/bugreport/crash.jsp
#

---------------  S U M M A R Y ------------

Command Line: -agentlib:jdwp=transport=dt_socket,suspend=y,address=localhost:56828 -javaagent:/Users/jorge.padilla/eclipse/dsl-2020-03/Eclipse.app/Contents/Eclipse/configuration/org.eclipse.osgi/254/0/.cp/lib/javaagent-shaded.jar -Dfile.encoding=UTF-8 homeWork

Host: MacBookPro14,1 x86_64 2300 MHz, 4 cores, 8G, Darwin 19.5.0
Time: Sun Jun 21 21:17:53 2020 CDT elapsed time: 835 seconds (0d 0h 13m 55s)

---------------  T H R E A D  ---------------

Current thread (0x00007fdea200b000):  JavaThread "main" [_thread_in_Java, id=6147, stack(0x000070000c9d0000,0x000070000cad0000)]

Stack: [0x000070000c9d0000,0x000070000cad0000],  sp=0x000070000cacf2b8,  free space=1020k
Native frames: (J=compiled Java code, A=aot compiled Java code, j=interpreted, Vv=VM code, C=native code)
j  java.lang.ClassLoader.loadClass(Ljava/lang/String;)Ljava/lang/Class;+-1586505360 java.base@13.0.2

[error occurred during error reporting (printing native stack), id 0xb, SIGSEGV (0xb) at pc=0x0000000102ade800]


siginfo: si_signo: 11 (SIGSEGV), si_code: 1 (SEGV_MAPERR), si_addr: 0x0000000003147d08

Register to memory mapping:

RAX=0x0000000784d3c728 is an oop: java.lang.String 
{0x0000000784d3c728} - klass: 'java/lang/String'
RBX={method} {0x00000008002ac588} 'loadClass' '(Ljava/lang/String;)Ljava/lang/Class;' in 'java/lang/ClassLoader'
RCX=0x0000000000000002 is an unknown value
RDX=0x000070000cacf520 is pointing into the stack for thread: 0x00007fdea200b000
RSP=0x000070000cacf2b8 is pointing into the stack for thread: 0x00007fdea200b000
RBP=0x000070000cacf330 is pointing into the stack for thread: 0x00007fdea200b000
RSI=0x0000000800000000 is pointing into metadata
RDI=0x000070000cacf390 is pointing into the stack for thread: 0x00007fdea200b000
R8 =0x0000000800000000 is pointing into metadata
R9 =0x000070000cacf510 is pointing into the stack for thread: 0x00007fdea200b000
R10=0x000000010ce3c7c0 is at code_begin+0 in an Interpreter codelet
method entry point (kind = zerolocals)  [0x000000010ce3c7c0, 0x000000010ce3cf80]  1984 bytes
R11=0x0000000003147d00 is an unknown value
R12=0x0 is NULL
R13=0x000070000cacf2c0 is pointing into the stack for thread: 0x00007fdea200b000
R14=0x000070000cacf5f8 is pointing into the stack for thread: 0x00007fdea200b000
R15=0x00007fdea200b000 is a thread


Registers:
RAX=0x0000000784d3c728, RBX=0x00000008002ac588, RCX=0x0000000000000002, RDX=0x000070000cacf520
RSP=0x000070000cacf2b8, RBP=0x000070000cacf330, RSI=0x0000000800000000, RDI=0x000070000cacf390
R8 =0x0000000800000000, R9 =0x000070000cacf510, R10=0x000000010ce3c7c0, R11=0x0000000003147d00
R12=0x0000000000000000, R13=0x000070000cacf2c0, R14=0x000070000cacf5f8, R15=0x00007fdea200b000
RIP=0x000000010ce3c7c0, EFLAGS=0x0000000000010246, ERR=0x0000000000000004
  TRAPNO=0x000000000000000e

Top of Stack: (sp=0x000070000cacf2b8)
0x000070000cacf2b8:   000000010ce29949 0000000784d3c728
0x000070000cacf2c8:   0000000787105550 0000700000001fa0
0x000070000cacf2d8:   000070000cacf508 000070000cacf5f8
0x000070000cacf2e8:   00000008002ac588 00007fdea200b000
0x000070000cacf2f8:   0000000000000002 000070000cacf390
0x000070000cacf308:   000070000cacf600 000070000000000c
0x000070000cacf318:   00000008002ac588 0000000800000000
0x000070000cacf328:   000070000cacf510 000070000cacf420
0x000070000cacf338:   0000000102b934f7 0000000000000002
0x000070000cacf348:   00007fdea200b000 00007fdea200b000
0x000070000cacf358:   00007fdea200b000 00007fdea1d0d120
0x000070000cacf368:   00007fdea1d0d690 00007fdea1d0d6d0
0x000070000cacf378:   00007fdea1d0d778 00000000000000d8
0x000070000cacf388:   000070000cacf6a8 00007fdea200b000
0x000070000cacf398:   00007fdea1d1ba70 00000008002ac588
0x000070000cacf3a8:   0000000787105550 000070000cacfa58
0x000070000cacf3b8:   000000010ce54432 000070000cacfaa8
0x000070000cacf3c8:   000070000cacf5f8 000000010ce298bf
0x000070000cacf3d8:   0000000800000000 0000000c002ac588
0x000070000cacf3e8:   000070000cacf600 010070000cacf4a0
0x000070000cacf3f8:   000070000cacf4a0 000070000cacf470
0x000070000cacf408:   00007fdea200b000 000070000cacf508
0x000070000cacf418:   000070000cacf5f8 000070000cacf4f0
0x000070000cacf428:   0000000102b92901 000070000cacf480
0x000070000cacf438:   00000008003d89f8 00000008003daf48
0x000070000cacf448:   00000008002ac1d0 0000000000000000
0x000070000cacf458:   0000000000000000 0000000000000000
0x000070000cacf468:   00007fdea2000000 00000008002ac588
0x000070000cacf478:   00007fdea200b000 00000008002ac1d0
0x000070000cacf488:   0000000800332b50 00000008002ac588
0x000070000cacf498:   00007fdea200b000 00000008002ac588
0x000070000cacf4a8:   00007fdea200b000 0000000700000001 

Instructions: (pc=0x000000010ce3c7c0)
0x000000010ce3c6c0:   00 00 00 00 00 4d 89 97 f0 02 00 00 49 ba 00 00
0x000000010ce3c6d0:   00 00 00 00 00 00 4d 89 97 00 03 00 00 49 ba 00
0x000000010ce3c6e0:   00 00 00 00 00 00 00 4d 89 97 f8 02 00 00 c5 f8
0x000000010ce3c6f0:   77 41 8b bf 1c 04 00 00 f7 c7 01 00 00 00 0f 84
0x000000010ce3c700:   31 00 00 00 f7 c7 02 00 00 00 0f 85 25 00 00 00
0x000000010ce3c710:   f7 c4 0f 00 00 00 0f 84 12 00 00 00 48 83 ec 08
0x000000010ce3c720:   e8 61 85 d4 f5 48 83 c4 08 e9 05 00 00 00 e8 53
0x000000010ce3c730:   85 d4 f5 ff e0 49 8b bf 50 04 00 00 48 85 ff 0f
0x000000010ce3c740:   84 3b 00 00 00 8b 7f 74 83 ff 01 0f 85 2f 00 00
0x000000010ce3c750:   00 49 8b bf 50 04 00 00 8b 7f 78 f7 c4 0f 00 00
0x000000010ce3c760:   00 0f 84 12 00 00 00 48 83 ec 08 e8 c4 8d d4 f5
0x000000010ce3c770:   48 83 c4 08 e9 05 00 00 00 e8 b6 8d d4 f5 ff e0
0x000000010ce3c780:   49 81 7f 08 00 00 00 00 0f 84 05 00 00 00 e9 ed
0x000000010ce3c790:   d0 fe ff 4c 8b 6d c0 4c 8b 75 c8 c3 0f 1f 40 00
0x000000010ce3c7a0:   e0 07 00 00 00 00 00 00 43 6b 02 03 01 00 00 00
0x000000010ce3c7b0:   ff ff ff ff 00 00 00 00 00 00 00 00 00 00 00 00
0x000000010ce3c7c0:   49 8b 53 08 0f b7 4a 34 0f b7 52 32 2b d1 81 fa
0x000000010ce3c7d0:   f5 01 00 00 0f 86 25 00 00 00 48 8b c2 48 c1 e0
0x000000010ce3c7e0:   03 48 83 c0 58 49 03 87 e0 03 00 00 48 3b e0 0f
0x000000010ce3c7f0:   87 0a 00 00 00 58 49 8b e5 50 e9 01 4a ff ff 58
0x000000010ce3c800:   4c 8d 74 cc f8 85 d2 0f 8e 09 00 00 00 68 00 00
0x000000010ce3c810:   00 00 ff ca 7f f7 50 55 48 8b ec 41 55 68 00 00
0x000000010ce3c820:   00 00 4c 8b 6b 08 4d 8d 6d 38 53 48 8b 53 08 48
0x000000010ce3c830:   8b 52 08 48 8b 52 18 48 8b 52 70 48 8b 12 52 48
0x000000010ce3c840:   8b 53 10 48 85 d2 0f 84 07 00 00 00 48 81 c2 18
0x000000010ce3c850:   01 00 00 52 48 8b 53 08 48 8b 52 08 48 8b 52 10
0x000000010ce3c860:   52 41 56 41 55 68 00 00 00 00 48 89 24 24 41 c6
0x000000010ce3c870:   87 ad 03 00 00 01 48 8b 45 d8 48 85 c0 0f 84 9e
0x000000010ce3c880:   00 00 00 8b 48 fc 85 c9 0f 88 93 00 00 00 48 03
0x000000010ce3c890:   c1 48 8b 48 08 48 83 e9 02 48 8b 54 c8 10 48 f7
0x000000010ce3c8a0:   da 49 8b 14 d6 48 85 d2 75 0b 48 81 4c c8 18 01
0x000000010ce3c8b0:   00 00 00 eb 62 8b 52 08 48 c1 e2 03 49 bc 00 00 


Stack slot to memory mapping:
stack at sp + 0 slots: 0x000000010ce29949 is at begin+138 in a stub
StubRoutines::call_stub [0x000000010ce298bf, 0x000000010ce299ad] (238 bytes)
stack at sp + 1 slots: 0x0000000784d3c728 is an oop: java.lang.String 
{0x0000000784d3c728} - klass: 'java/lang/String'
stack at sp + 2 slots: 0x0000000787105550 is an oop: jdk.internal.loader.ClassLoaders$AppClassLoader 
{0x0000000787105550} - klass: 'jdk/internal/loader/ClassLoaders$AppClassLoader'
stack at sp + 3 slots: 0x0000700000001fa0 is an unknown value
stack at sp + 4 slots: 0x000070000cacf508 is pointing into the stack for thread: 0x00007fdea200b000
stack at sp + 5 slots: 0x000070000cacf5f8 is pointing into the stack for thread: 0x00007fdea200b000
stack at sp + 6 slots: {method} {0x00000008002ac588} 'loadClass' '(Ljava/lang/String;)Ljava/lang/Class;' in 'java/lang/ClassLoader'
stack at sp + 7 slots: 0x00007fdea200b000 is a thread

method entry point (kind = zerolocals)  [0x000000010ce3c7c0, 0x000000010ce3cf80]  1984 bytes
[MachCode]
  0x000000010ce3c7c0: 498b 5308 | 0fb7 4a34 | 0fb7 5232 | 2bd1 81fa | f501 0000 | 0f86 2500 | 0000 488b | c248 c1e0 
  0x000000010ce3c7e0: 0348 83c0 | 5849 0387 | e003 0000 | 483b e00f | 870a 0000 | 0058 498b | e550 e901 | 4aff ff58 
  0x000000010ce3c800: 4c8d 74cc | f885 d20f | 8e09 0000 | 0068 0000 | 0000 ffca | 7ff7 5055 | 488b ec41 | 5568 0000 
  0x000000010ce3c820: 0000 4c8b | 6b08 4d8d | 6d38 5348 | 8b53 0848 | 8b52 0848 | 8b52 1848 | 8b52 7048 | 8b12 5248 
  0x000000010ce3c840: 8b53 1048 | 85d2 0f84 | 0700 0000 | 4881 c218 | 0100 0052 | 488b 5308 | 488b 5208 | 488b 5210 
  0x000000010ce3c860: 5241 5641 | 5568 0000 | 0000 4889 | 2424 41c6 | 87ad 0300 | 0001 488b | 45d8 4885 | c00f 849e 
  0x000000010ce3c880: 0000 008b | 48fc 85c9 | 0f88 9300 | 0000 4803 | c148 8b48 | 0848 83e9 | 0248 8b54 | c810 48f7 
  0x000000010ce3c8a0: da49 8b14 | d648 85d2 | 750b 4881 | 4cc8 1801 | 0000 00eb | 628b 5208 | 48c1 e203 | 49bc 0000 
  0x000000010ce3c8c0: 0000 0800 | 0000 4903 | d44d 33e4 | 4833 54c8 | 1848 f7c2 | fcff ffff | 743d 48f7 | c202 0000 
  0x000000010ce3c8e0: 0075 3448 | 817c c818 | 0000 0000 | 7424 4881 | 7cc8 1801 | 0000 0074 | 1948 3354 | c818 48f7 
  0x000000010ce3c900: c2fc ffff | ff74 1048 | 814c c818 | 0200 0000 | eb05 4889 | 54c8 1848 | 83e9 020f | 8978 ffff 
  0x000000010ce3c920: ff48 8b43 | 1048 85c0 | 7420 8b88 | dc00 0000 | 83c1 0889 | 88dc 0000 | 0023 88f0 | 0000 000f 
  0x000000010ce3c940: 84fb 0400 | 00e9 5a01 | 0000 488b | 4318 4885 | c00f 853b | 0100 00e8 | 0500 0000 | e924 0100 
  0x000000010ce3c960: 0048 8bf3 | 488d 4424 | 084c 896d | c049 8bff | c5f8 7749 | 89af 0003 | 0000 4989 | 87f0 0200 
  0x000000010ce3c980: 00f7 c40f | 0000 000f | 8412 0000 | 0048 83ec | 08e8 d62c | d5f5 4883 | c408 e905 | 0000 00e8 
  0x000000010ce3c9a0: c82c d5f5 | 49ba 0000 | 0000 0000 | 0000 4d89 | 97f0 0200 | 0049 ba00 | 0000 0000 | 0000 004d 
  0x000000010ce3c9c0: 8997 0003 | 0000 49ba | 0000 0000 | 0000 0000 | 4d89 97f8 | 0200 00c5 | f877 418b | bf1c 0400 
  0x000000010ce3c9e0: 00f7 c701 | 0000 000f | 8431 0000 | 00f7 c702 | 0000 000f | 8525 0000 | 00f7 c40f | 0000 000f 
  0x000000010ce3ca00: 8412 0000 | 0048 83ec | 08e8 7882 | d4f5 4883 | c408 e905 | 0000 00e8 | 6a82 d4f5 | ffe0 498b 
  0x000000010ce3ca20: bf50 0400 | 0048 85ff | 0f84 3b00 | 0000 8b7f | 7483 ff01 | 0f85 2f00 | 0000 498b | bf50 0400 
  0x000000010ce3ca40: 008b 7f78 | f7c4 0f00 | 0000 0f84 | 1200 0000 | 4883 ec08 | e8db 8ad4 | f548 83c4 | 08e9 0500 
  0x000000010ce3ca60: 0000 e8cd | 8ad4 f5ff | e049 817f | 0800 0000 | 000f 8405 | 0000 00e9 | 04ce feff | 4c8b 6dc0 
  0x000000010ce3ca80: 4c8b 75c8 | c348 8b43 | 1848 85c0 | 0f84 1200 | 0000 8b48 | 1883 c108 | 8948 1823 | 4830 0f84 
  0x000000010ce3caa0: 9c03 0000 | 8984 2400 | f0ff ff89 | 8424 00e0 | ffff 8984 | 2400 d0ff | ff89 8424 | 00c0 ffff 
  0x000000010ce3cac0: 8984 2400 | b0ff ff89 | 8424 00a0 | ffff 8984 | 2400 90ff | ff89 8424 | 0080 ffff | 8984 2400 
  0x000000010ce3cae0: 70ff ff89 | 8424 0060 | ffff 8984 | 2400 50ff | ff89 8424 | 0040 ffff | 8984 2400 | 30ff ff89 
  0x000000010ce3cb00: 8424 0020 | ffff 8984 | 2400 10ff | ff89 8424 | 0000 ffff | 8984 2400 | f0fe ff89 | 8424 00e0 
  0x000000010ce3cb20: feff 8984 | 2400 d0fe | ff89 8424 | 00c0 feff | 41c6 87ad | 0300 0000 | 418b 9758 | 0400 0085 
  0x000000010ce3cb40: d20f 842b | 0100 00e8 | 0500 0000 | e921 0100 | 0048 8d44 | 2408 4c89 | 6dc0 498b | ffc5 f877 
  0x000000010ce3cb60: 4989 af00 | 0300 0049 | 8987 f002 | 0000 f7c4 | 0f00 0000 | 0f84 1200 | 0000 4883 | ec08 e827 
  0x000000010ce3cb80: 30d5 f548 | 83c4 08e9 | 0500 0000 | e819 30d5 | f549 ba00 | 0000 0000 | 0000 004d | 8997 f002 
  0x000000010ce3cba0: 0000 49ba | 0000 0000 | 0000 0000 | 4d89 9700 | 0300 0049 | ba00 0000 | 0000 0000 | 004d 8997 
  0x000000010ce3cbc0: f802 0000 | c5f8 7741 | 8bbf 1c04 | 0000 f7c7 | 0100 0000 | 0f84 3100 | 0000 f7c7 | 0200 0000 
  0x000000010ce3cbe0: 0f85 2500 | 0000 f7c4 | 0f00 0000 | 0f84 1200 | 0000 4883 | ec08 e88b | 80d4 f548 | 83c4 08e9 
  0x000000010ce3cc00: 0500 0000 | e87d 80d4 | f5ff e049 | 8bbf 5004 | 0000 4885 | ff0f 843b | 0000 008b | 7f74 83ff 
  0x000000010ce3cc20: 010f 852f | 0000 0049 | 8bbf 5004 | 0000 8b7f | 78f7 c40f | 0000 000f | 8412 0000 | 0048 83ec 
  0x000000010ce3cc40: 08e8 ee88 | d4f5 4883 | c408 e905 | 0000 00e8 | e088 d4f5 | ffe0 4981 | 7f08 0000 | 0000 0f84 
  0x000000010ce3cc60: 0500 0000 | e917 ccfe | ff4c 8b6d | c04c 8b75 | c8c3 803d | d17e 36f6 | 000f 842a | 0000 0048 
  0x000000010ce3cc80: 8b75 e849 | 8bff f7c4 | 0f00 0000 | 0f84 1200 | 0000 4883 | ec08 e811 | 9905 f648 | 83c4 08e9 
  0x000000010ce3cca0: 0500 0000 | e803 9905 | f641 0fb6 | 5d00 49ba | d040 1c03 | 0100 0000 | 41ff 24da | e805 0000 
  0x000000010ce3ccc0: 00e9 2101 | 0000 488d | 4424 084c | 896d c049 | 8bff c5f8 | 7749 89af | 0003 0000 | 4989 87f0 
  0x000000010ce3cce0: 0200 00f7 | c40f 0000 | 000f 8412 | 0000 0048 | 83ec 08e8 | 5a26 d5f5 | 4883 c408 | e905 0000 
  0x000000010ce3cd00: 00e8 4c26 | d5f5 49ba | 0000 0000 | 0000 0000 | 4d89 97f0 | 0200 0049 | ba00 0000 | 0000 0000 
  0x000000010ce3cd20: 004d 8997 | 0003 0000 | 49ba 0000 | 0000 0000 | 0000 4d89 | 97f8 0200 | 00c5 f877 | 418b bf1c 
  0x000000010ce3cd40: 0400 00f7 | c701 0000 | 000f 8431 | 0000 00f7 | c702 0000 | 000f 8525 | 0000 00f7 | c40f 0000 
  0x000000010ce3cd60: 000f 8412 | 0000 0048 | 83ec 08e8 | 167f d4f5 | 4883 c408 | e905 0000 | 00e8 087f | d4f5 ffe0 
  0x000000010ce3cd80: 498b bf50 | 0400 0048 | 85ff 0f84 | 3b00 0000 | 8b7f 7483 | ff01 0f85 | 2f00 0000 | 498b bf50 
  0x000000010ce3cda0: 0400 008b | 7f78 f7c4 | 0f00 0000 | 0f84 1200 | 0000 4883 | ec08 e879 | 87d4 f548 | 83c4 08e9 
  0x000000010ce3cdc0: 0500 0000 | e86b 87d4 | f5ff e049 | 817f 0800 | 0000 000f | 8405 0000 | 00e9 a2ca | feff 4c8b 
  0x000000010ce3cde0: 6dc0 4c8b | 75c8 c350 | 5348 8b5d | e848 8b43 | 1048 85c0 | 0f84 3700 | 0000 498b | f548 8bfb 
  0x000000010ce3ce00: f7c4 0f00 | 0000 0f84 | 1200 0000 | 4883 ec08 | e809 25d5 | f548 83c4 | 08e9 0500 | 0000 e8fb 
  0x000000010ce3ce20: 24d5 f548 | 8b5b 1048 | 81c3 1801 | 0000 4803 | c348 8945 | d85b 5848 | 8b5d e8e9 | 64fc ffff 
  0x000000010ce3ce40: be00 0000 | 00e8 0500 | 0000 e921 | 0100 0048 | 8d44 2408 | 4c89 6dc0 | 498b ffc5 | f877 4989 
  0x000000010ce3ce60: af00 0300 | 0049 8987 | f002 0000 | f7c4 0f00 | 0000 0f84 | 1200 0000 | 4883 ec08 | e885 20d5 
  0x000000010ce3ce80: f548 83c4 | 08e9 0500 | 0000 e877 | 20d5 f549 | ba00 0000 | 0000 0000 | 004d 8997 | f002 0000 
  0x000000010ce3cea0: 49ba 0000 | 0000 0000 | 0000 4d89 | 9700 0300 | 0049 ba00 | 0000 0000 | 0000 004d | 8997 f802 
  0x000000010ce3cec0: 0000 c5f8 | 7741 8bbf | 1c04 0000 | f7c7 0100 | 0000 0f84 | 3100 0000 | f7c7 0200 | 0000 0f85 
  0x000000010ce3cee0: 2500 0000 | f7c4 0f00 | 0000 0f84 | 1200 0000 | 4883 ec08 | e88d 7dd4 | f548 83c4 | 08e9 0500 
  0x000000010ce3cf00: 0000 e87f | 7dd4 f5ff | e049 8bbf | 5004 0000 | 4885 ff0f | 843b 0000 | 008b 7f74 | 83ff 010f 
  0x000000010ce3cf20: 852f 0000 | 0049 8bbf | 5004 0000 | 8b7f 78f7 | c40f 0000 | 000f 8412 | 0000 0048 | 83ec 08e8 
  0x000000010ce3cf40: f085 d4f5 | 4883 c408 | e905 0000 | 00e8 e285 | d4f5 ffe0 | 4981 7f08 | 0000 0000 | 0f84 0500 
  0x000000010ce3cf60: 0000 e919 | c9fe ff4c | 8b6d c04c | 8b75 c8c3 | 488b 5de8 | e92b fbff | ff0f 1f80 | 0000 0000 
[/MachCode]

---------------  P R O C E S S  ---------------

Threads class SMR info:
_java_thread_list=0x00007fdea1ea3c30, length=17, elements={
0x00007fdea200b000, 0x00007fdea2036000, 0x00007fdea2039000, 0x00007fdea303f800,
0x00007fdea2037800, 0x00007fdea203c800, 0x00007fdea2836000, 0x00007fdea3088800,
0x00007fdea2837000, 0x00007fdea2070800, 0x00007fdea3819000, 0x00007fdea2089800,
0x00007fdea38d6000, 0x00007fdea2e54800, 0x00007fdea38d7000, 0x00007fdea2e55800,
0x00007fdea38b2000
}

Java Threads: ( => current thread )
=>0x00007fdea200b000 JavaThread "main" [_thread_in_Java, id=6147, stack(0x000070000c9d0000,0x000070000cad0000)]
  0x00007fdea2036000 JavaThread "Reference Handler" daemon [_thread_blocked, id=14595, stack(0x000070000d0e5000,0x000070000d1e5000)]
  0x00007fdea2039000 JavaThread "Finalizer" daemon [_thread_blocked, id=15107, stack(0x000070000d1e8000,0x000070000d2e8000)]
  0x00007fdea303f800 JavaThread "Signal Dispatcher" daemon [_thread_blocked, id=21763, stack(0x000070000d3f1000,0x000070000d4f1000)]
  0x00007fdea2037800 JavaThread "C2 CompilerThread0" daemon [_thread_blocked, id=42755, stack(0x000070000d4f4000,0x000070000d5f4000)]
  0x00007fdea203c800 JavaThread "C1 CompilerThread0" daemon [_thread_blocked, id=22019, stack(0x000070000d5f7000,0x000070000d6f7000)]
  0x00007fdea2836000 JavaThread "Sweeper thread" daemon [_thread_blocked, id=41475, stack(0x000070000d6fa000,0x000070000d7fa000)]
  0x00007fdea3088800 JavaThread "Common-Cleaner" daemon [_thread_blocked, id=40963, stack(0x000070000d7fd000,0x000070000d8fd000)]
  0x00007fdea2837000 JavaThread "JDWP Transport Listener: dt_socket" daemon [_thread_blocked, id=40451, stack(0x000070000d900000,0x000070000da00000)]
  0x00007fdea2070800 JavaThread "JDWP Event Helper Thread" daemon [_thread_blocked, id=39939, stack(0x000070000da03000,0x000070000db03000)]
  0x00007fdea3819000 JavaThread "JDWP Command Reader" daemon [_thread_in_native, id=39171, stack(0x000070000db06000,0x000070000dc06000)]
  0x00007fdea2089800 JavaThread "Service Thread" daemon [_thread_blocked, id=38659, stack(0x000070000dc09000,0x000070000dd09000)]
  0x00007fdea38d6000 JavaThread "Exec Default Executor" daemon [_thread_blocked, id=37379, stack(0x000070000e015000,0x000070000e115000)]
  0x00007fdea2e54800 JavaThread "process reaper" daemon [_thread_in_native, id=25347, stack(0x000070000e21b000,0x000070000e23f000)]
  0x00007fdea38d7000 JavaThread "Exec Stream Pumper" daemon [_thread_in_native, id=36611, stack(0x000070000e242000,0x000070000e342000)]
  0x00007fdea2e55800 JavaThread "Exec Stream Pumper" daemon [_thread_in_native, id=36099, stack(0x000070000e345000,0x000070000e445000)]
  0x00007fdea38b2000 JavaThread "Okio Watchdog" daemon [_thread_blocked, id=34563, stack(0x000070000e64e000,0x000070000e74e000)]

Other Threads:
  0x00007fdea2035000 VMThread "VM Thread" [stack: 0x000070000cfe2000,0x000070000d0e2000] [id=19203]
  0x00007fdea381a000 WatcherThread [stack: 0x000070000dd0c000,0x000070000de0c000] [id=38147]
  0x00007fdea2832000 GCTaskThread "GC Thread#0" [stack: 0x000070000cad3000,0x000070000cbd3000] [id=21251]
  0x00007fdea30dc800 GCTaskThread "GC Thread#1" [stack: 0x000070000de0f000,0x000070000df0f000] [id=37891]
  0x00007fdea38b8800 GCTaskThread "GC Thread#2" [stack: 0x000070000df12000,0x000070000e012000] [id=37635]
  0x00007fdea201c000 ConcurrentGCThread "G1 Main Marker" [stack: 0x000070000cbd6000,0x000070000ccd6000] [id=12291]
  0x00007fdea201d000 ConcurrentGCThread "G1 Conc#0" [stack: 0x000070000ccd9000,0x000070000cdd9000] [id=20739]
  0x00007fdea302a800 ConcurrentGCThread "G1 Refine#0" [stack: 0x000070000cddc000,0x000070000cedc000] [id=20483]
  0x00007fdea302b800 ConcurrentGCThread "G1 Young RemSet Sampling" [stack: 0x000070000cedf000,0x000070000cfdf000] [id=13571]

Threads with active compile tasks:

VM state:not at safepoint (normal execution)

VM Mutex/Monitor currently owned by a thread: None

Heap address: 0x0000000780000000, size: 2048 MB, Compressed Oops mode: Zero based, Oop shift amount: 3
Narrow klass base: 0x0000000800000000, Narrow klass shift: 3
Compressed class space size: 1073741824 Address: 0x0000000800ae0000

Heap:
 garbage-first heap   total 133120K, used 53376K [0x0000000780000000, 0x0000000800000000)
  region size 1024K, 52 young (53248K), 2 survivors (2048K)
 Metaspace       used 10960K, capacity 11512K, committed 11776K, reserved 1058816K
  class space    used 1309K, capacity 1497K, committed 1536K, reserved 1048576K
Heap Regions: E=young(eden), S=young(survivor), O=old, HS=humongous(starts), HC=humongous(continues), CS=collection set, F=free, A=archive, TAMS=top-at-mark-start (previous, next)
|   0|0x0000000780000000, 0x0000000780062000, 0x0000000780100000| 38%| O|  |TAMS 0x0000000780000000, 0x0000000780000000| Untracked 
|   1|0x0000000780100000, 0x0000000780100000, 0x0000000780200000|  0%| F|  |TAMS 0x0000000780100000, 0x0000000780100000| Untracked 
|   2|0x0000000780200000, 0x0000000780200000, 0x0000000780300000|  0%| F|  |TAMS 0x0000000780200000, 0x0000000780200000| Untracked 
|   3|0x0000000780300000, 0x0000000780300000, 0x0000000780400000|  0%| F|  |TAMS 0x0000000780300000, 0x0000000780300000| Untracked 
|   4|0x0000000780400000, 0x0000000780400000, 0x0000000780500000|  0%| F|  |TAMS 0x0000000780400000, 0x0000000780400000| Untracked 
|   5|0x0000000780500000, 0x0000000780500000, 0x0000000780600000|  0%| F|  |TAMS 0x0000000780500000, 0x0000000780500000| Untracked 
|   6|0x0000000780600000, 0x0000000780600000, 0x0000000780700000|  0%| F|  |TAMS 0x0000000780600000, 0x0000000780600000| Untracked 
|   7|0x0000000780700000, 0x0000000780700000, 0x0000000780800000|  0%| F|  |TAMS 0x0000000780700000, 0x0000000780700000| Untracked 
|   8|0x0000000780800000, 0x0000000780800000, 0x0000000780900000|  0%| F|  |TAMS 0x0000000780800000, 0x0000000780800000| Untracked 
|   9|0x0000000780900000, 0x0000000780900000, 0x0000000780a00000|  0%| F|  |TAMS 0x0000000780900000, 0x0000000780900000| Untracked 
|  10|0x0000000780a00000, 0x0000000780a00000, 0x0000000780b00000|  0%| F|  |TAMS 0x0000000780a00000, 0x0000000780a00000| Untracked 
|  11|0x0000000780b00000, 0x0000000780b00000, 0x0000000780c00000|  0%| F|  |TAMS 0x0000000780b00000, 0x0000000780b00000| Untracked 
|  12|0x0000000780c00000, 0x0000000780c00000, 0x0000000780d00000|  0%| F|  |TAMS 0x0000000780c00000, 0x0000000780c00000| Untracked 
|  13|0x0000000780d00000, 0x0000000780d00000, 0x0000000780e00000|  0%| F|  |TAMS 0x0000000780d00000, 0x0000000780d00000| Untracked 
|  14|0x0000000780e00000, 0x0000000780e00000, 0x0000000780f00000|  0%| F|  |TAMS 0x0000000780e00000, 0x0000000780e00000| Untracked 
|  15|0x0000000780f00000, 0x0000000780f00000, 0x0000000781000000|  0%| F|  |TAMS 0x0000000780f00000, 0x0000000780f00000| Untracked 
|  16|0x0000000781000000, 0x0000000781000000, 0x0000000781100000|  0%| F|  |TAMS 0x0000000781000000, 0x0000000781000000| Untracked 
|  17|0x0000000781100000, 0x0000000781100000, 0x0000000781200000|  0%| F|  |TAMS 0x0000000781100000, 0x0000000781100000| Untracked 
|  18|0x0000000781200000, 0x0000000781200000, 0x0000000781300000|  0%| F|  |TAMS 0x0000000781200000, 0x0000000781200000| Untracked 
|  19|0x0000000781300000, 0x0000000781300000, 0x0000000781400000|  0%| F|  |TAMS 0x0000000781300000, 0x0000000781300000| Untracked 
|  20|0x0000000781400000, 0x0000000781400000, 0x0000000781500000|  0%| F|  |TAMS 0x0000000781400000, 0x0000000781400000| Untracked 
|  21|0x0000000781500000, 0x0000000781500000, 0x0000000781600000|  0%| F|  |TAMS 0x0000000781500000, 0x0000000781500000| Untracked 
|  22|0x0000000781600000, 0x0000000781600000, 0x0000000781700000|  0%| F|  |TAMS 0x0000000781600000, 0x0000000781600000| Untracked 
|  23|0x0000000781700000, 0x0000000781700000, 0x0000000781800000|  0%| F|  |TAMS 0x0000000781700000, 0x0000000781700000| Untracked 
|  24|0x0000000781800000, 0x0000000781800000, 0x0000000781900000|  0%| F|  |TAMS 0x0000000781800000, 0x0000000781800000| Untracked 
|  25|0x0000000781900000, 0x0000000781900000, 0x0000000781a00000|  0%| F|  |TAMS 0x0000000781900000, 0x0000000781900000| Untracked 
|  26|0x0000000781a00000, 0x0000000781a00000, 0x0000000781b00000|  0%| F|  |TAMS 0x0000000781a00000, 0x0000000781a00000| Untracked 
|  27|0x0000000781b00000, 0x0000000781b00000, 0x0000000781c00000|  0%| F|  |TAMS 0x0000000781b00000, 0x0000000781b00000| Untracked 
|  28|0x0000000781c00000, 0x0000000781c00000, 0x0000000781d00000|  0%| F|  |TAMS 0x0000000781c00000, 0x0000000781c00000| Untracked 
|  29|0x0000000781d00000, 0x0000000781d00000, 0x0000000781e00000|  0%| F|  |TAMS 0x0000000781d00000, 0x0000000781d00000| Untracked 
|  30|0x0000000781e00000, 0x0000000781e00000, 0x0000000781f00000|  0%| F|  |TAMS 0x0000000781e00000, 0x0000000781e00000| Untracked 
|  31|0x0000000781f00000, 0x0000000781f00000, 0x0000000782000000|  0%| F|  |TAMS 0x0000000781f00000, 0x0000000781f00000| Untracked 
|  32|0x0000000782000000, 0x0000000782000000, 0x0000000782100000|  0%| F|  |TAMS 0x0000000782000000, 0x0000000782000000| Untracked 
|  33|0x0000000782100000, 0x0000000782100000, 0x0000000782200000|  0%| F|  |TAMS 0x0000000782100000, 0x0000000782100000| Untracked 
|  34|0x0000000782200000, 0x0000000782200000, 0x0000000782300000|  0%| F|  |TAMS 0x0000000782200000, 0x0000000782200000| Untracked 
|  35|0x0000000782300000, 0x0000000782300000, 0x0000000782400000|  0%| F|  |TAMS 0x0000000782300000, 0x0000000782300000| Untracked 
|  36|0x0000000782400000, 0x0000000782400000, 0x0000000782500000|  0%| F|  |TAMS 0x0000000782400000, 0x0000000782400000| Untracked 
|  37|0x0000000782500000, 0x0000000782500000, 0x0000000782600000|  0%| F|  |TAMS 0x0000000782500000, 0x0000000782500000| Untracked 
|  38|0x0000000782600000, 0x0000000782600000, 0x0000000782700000|  0%| F|  |TAMS 0x0000000782600000, 0x0000000782600000| Untracked 
|  39|0x0000000782700000, 0x0000000782700000, 0x0000000782800000|  0%| F|  |TAMS 0x0000000782700000, 0x0000000782700000| Untracked 
|  40|0x0000000782800000, 0x0000000782800000, 0x0000000782900000|  0%| F|  |TAMS 0x0000000782800000, 0x0000000782800000| Untracked 
|  41|0x0000000782900000, 0x0000000782900000, 0x0000000782a00000|  0%| F|  |TAMS 0x0000000782900000, 0x0000000782900000| Untracked 
|  42|0x0000000782a00000, 0x0000000782a00000, 0x0000000782b00000|  0%| F|  |TAMS 0x0000000782a00000, 0x0000000782a00000| Untracked 
|  43|0x0000000782b00000, 0x0000000782b00000, 0x0000000782c00000|  0%| F|  |TAMS 0x0000000782b00000, 0x0000000782b00000| Untracked 
|  44|0x0000000782c00000, 0x0000000782c00000, 0x0000000782d00000|  0%| F|  |TAMS 0x0000000782c00000, 0x0000000782c00000| Untracked 
|  45|0x0000000782d00000, 0x0000000782d00000, 0x0000000782e00000|  0%| F|  |TAMS 0x0000000782d00000, 0x0000000782d00000| Untracked 
|  46|0x0000000782e00000, 0x0000000782e00000, 0x0000000782f00000|  0%| F|  |TAMS 0x0000000782e00000, 0x0000000782e00000| Untracked 
|  47|0x0000000782f00000, 0x0000000782f00000, 0x0000000783000000|  0%| F|  |TAMS 0x0000000782f00000, 0x0000000782f00000| Untracked 
|  48|0x0000000783000000, 0x0000000783000000, 0x0000000783100000|  0%| F|  |TAMS 0x0000000783000000, 0x0000000783000000| Untracked 
|  49|0x0000000783100000, 0x0000000783100000, 0x0000000783200000|  0%| F|  |TAMS 0x0000000783100000, 0x0000000783100000| Untracked 
|  50|0x0000000783200000, 0x0000000783200000, 0x0000000783300000|  0%| F|  |TAMS 0x0000000783200000, 0x0000000783200000| Untracked 
|  51|0x0000000783300000, 0x0000000783300000, 0x0000000783400000|  0%| F|  |TAMS 0x0000000783300000, 0x0000000783300000| Untracked 
|  52|0x0000000783400000, 0x0000000783400000, 0x0000000783500000|  0%| F|  |TAMS 0x0000000783400000, 0x0000000783400000| Untracked 
|  53|0x0000000783500000, 0x0000000783500000, 0x0000000783600000|  0%| F|  |TAMS 0x0000000783500000, 0x0000000783500000| Untracked 
|  54|0x0000000783600000, 0x0000000783600000, 0x0000000783700000|  0%| F|  |TAMS 0x0000000783600000, 0x0000000783600000| Untracked 
|  55|0x0000000783700000, 0x0000000783700000, 0x0000000783800000|  0%| F|  |TAMS 0x0000000783700000, 0x0000000783700000| Untracked 
|  56|0x0000000783800000, 0x0000000783800000, 0x0000000783900000|  0%| F|  |TAMS 0x0000000783800000, 0x0000000783800000| Untracked 
|  57|0x0000000783900000, 0x0000000783900000, 0x0000000783a00000|  0%| F|  |TAMS 0x0000000783900000, 0x0000000783900000| Untracked 
|  58|0x0000000783a00000, 0x0000000783a00000, 0x0000000783b00000|  0%| F|  |TAMS 0x0000000783a00000, 0x0000000783a00000| Untracked 
|  59|0x0000000783b00000, 0x0000000783b00000, 0x0000000783c00000|  0%| F|  |TAMS 0x0000000783b00000, 0x0000000783b00000| Untracked 
|  60|0x0000000783c00000, 0x0000000783c00000, 0x0000000783d00000|  0%| F|  |TAMS 0x0000000783c00000, 0x0000000783c00000| Untracked 
|  61|0x0000000783d00000, 0x0000000783d00000, 0x0000000783e00000|  0%| F|  |TAMS 0x0000000783d00000, 0x0000000783d00000| Untracked 
|  62|0x0000000783e00000, 0x0000000783e00000, 0x0000000783f00000|  0%| F|  |TAMS 0x0000000783e00000, 0x0000000783e00000| Untracked 
|  63|0x0000000783f00000, 0x0000000783f00000, 0x0000000784000000|  0%| F|  |TAMS 0x0000000783f00000, 0x0000000783f00000| Untracked 
|  64|0x0000000784000000, 0x0000000784000000, 0x0000000784100000|  0%| F|  |TAMS 0x0000000784000000, 0x0000000784000000| Untracked 
|  65|0x0000000784100000, 0x0000000784100000, 0x0000000784200000|  0%| F|  |TAMS 0x0000000784100000, 0x0000000784100000| Untracked 
|  66|0x0000000784200000, 0x0000000784200000, 0x0000000784300000|  0%| F|  |TAMS 0x0000000784200000, 0x0000000784200000| Untracked 
|  67|0x0000000784300000, 0x0000000784300000, 0x0000000784400000|  0%| F|  |TAMS 0x0000000784300000, 0x0000000784300000| Untracked 
|  68|0x0000000784400000, 0x0000000784400000, 0x0000000784500000|  0%| F|  |TAMS 0x0000000784400000, 0x0000000784400000| Untracked 
|  69|0x0000000784500000, 0x0000000784500000, 0x0000000784600000|  0%| F|  |TAMS 0x0000000784500000, 0x0000000784500000| Untracked 
|  70|0x0000000784600000, 0x0000000784600000, 0x0000000784700000|  0%| F|  |TAMS 0x0000000784600000, 0x0000000784600000| Untracked 
|  71|0x0000000784700000, 0x0000000784700000, 0x0000000784800000|  0%| F|  |TAMS 0x0000000784700000, 0x0000000784700000| Untracked 
|  72|0x0000000784800000, 0x0000000784800000, 0x0000000784900000|  0%| F|  |TAMS 0x0000000784800000, 0x0000000784800000| Untracked 
|  73|0x0000000784900000, 0x0000000784900000, 0x0000000784a00000|  0%| F|  |TAMS 0x0000000784900000, 0x0000000784900000| Untracked 
|  74|0x0000000784a00000, 0x0000000784a00000, 0x0000000784b00000|  0%| F|  |TAMS 0x0000000784a00000, 0x0000000784a00000| Untracked 
|  75|0x0000000784b00000, 0x0000000784b00000, 0x0000000784c00000|  0%| F|  |TAMS 0x0000000784b00000, 0x0000000784b00000| Untracked 
|  76|0x0000000784c00000, 0x0000000784c80800, 0x0000000784d00000| 50%| E|  |TAMS 0x0000000784c00000, 0x0000000784c00000| Complete 
|  77|0x0000000784d00000, 0x0000000784e00000, 0x0000000784e00000|100%| E|CS|TAMS 0x0000000784d00000, 0x0000000784d00000| Complete 
|  78|0x0000000784e00000, 0x0000000784f00000, 0x0000000784f00000|100%| E|CS|TAMS 0x0000000784e00000, 0x0000000784e00000| Complete 
|  79|0x0000000784f00000, 0x0000000785000000, 0x0000000785000000|100%| E|CS|TAMS 0x0000000784f00000, 0x0000000784f00000| Complete 
|  80|0x0000000785000000, 0x0000000785100000, 0x0000000785100000|100%| E|CS|TAMS 0x0000000785000000, 0x0000000785000000| Complete 
|  81|0x0000000785100000, 0x0000000785200000, 0x0000000785200000|100%| E|CS|TAMS 0x0000000785100000, 0x0000000785100000| Complete 
|  82|0x0000000785200000, 0x0000000785300000, 0x0000000785300000|100%| E|CS|TAMS 0x0000000785200000, 0x0000000785200000| Complete 
|  83|0x0000000785300000, 0x0000000785400000, 0x0000000785400000|100%| E|CS|TAMS 0x0000000785300000, 0x0000000785300000| Complete 
|  84|0x0000000785400000, 0x0000000785500000, 0x0000000785500000|100%| E|CS|TAMS 0x0000000785400000, 0x0000000785400000| Complete 
|  85|0x0000000785500000, 0x0000000785600000, 0x0000000785600000|100%| E|CS|TAMS 0x0000000785500000, 0x0000000785500000| Complete 
|  86|0x0000000785600000, 0x0000000785700000, 0x0000000785700000|100%| E|CS|TAMS 0x0000000785600000, 0x0000000785600000| Complete 
|  87|0x0000000785700000, 0x0000000785800000, 0x0000000785800000|100%| E|CS|TAMS 0x0000000785700000, 0x0000000785700000| Complete 
|  88|0x0000000785800000, 0x0000000785900000, 0x0000000785900000|100%| E|CS|TAMS 0x0000000785800000, 0x0000000785800000| Complete 
|  89|0x0000000785900000, 0x0000000785a00000, 0x0000000785a00000|100%| E|CS|TAMS 0x0000000785900000, 0x0000000785900000| Complete 
|  90|0x0000000785a00000, 0x0000000785b00000, 0x0000000785b00000|100%| E|CS|TAMS 0x0000000785a00000, 0x0000000785a00000| Complete 
|  91|0x0000000785b00000, 0x0000000785c00000, 0x0000000785c00000|100%| E|CS|TAMS 0x0000000785b00000, 0x0000000785b00000| Complete 
|  92|0x0000000785c00000, 0x0000000785d00000, 0x0000000785d00000|100%| E|CS|TAMS 0x0000000785c00000, 0x0000000785c00000| Complete 
|  93|0x0000000785d00000, 0x0000000785e00000, 0x0000000785e00000|100%| E|CS|TAMS 0x0000000785d00000, 0x0000000785d00000| Complete 
|  94|0x0000000785e00000, 0x0000000785f00000, 0x0000000785f00000|100%| E|CS|TAMS 0x0000000785e00000, 0x0000000785e00000| Complete 
|  95|0x0000000785f00000, 0x0000000786000000, 0x0000000786000000|100%| E|CS|TAMS 0x0000000785f00000, 0x0000000785f00000| Complete 
|  96|0x0000000786000000, 0x0000000786100000, 0x0000000786100000|100%| E|CS|TAMS 0x0000000786000000, 0x0000000786000000| Complete 
|  97|0x0000000786100000, 0x0000000786200000, 0x0000000786200000|100%| E|CS|TAMS 0x0000000786100000, 0x0000000786100000| Complete 
|  98|0x0000000786200000, 0x0000000786300000, 0x0000000786300000|100%| E|CS|TAMS 0x0000000786200000, 0x0000000786200000| Complete 
|  99|0x0000000786300000, 0x0000000786400000, 0x0000000786400000|100%| E|CS|TAMS 0x0000000786300000, 0x0000000786300000| Complete 
| 100|0x0000000786400000, 0x0000000786500000, 0x0000000786500000|100%| E|CS|TAMS 0x0000000786400000, 0x0000000786400000| Complete 
| 101|0x0000000786500000, 0x0000000786600000, 0x0000000786600000|100%| E|CS|TAMS 0x0000000786500000, 0x0000000786500000| Complete 
| 102|0x0000000786600000, 0x0000000786700000, 0x0000000786700000|100%| E|CS|TAMS 0x0000000786600000, 0x0000000786600000| Complete 
| 103|0x0000000786700000, 0x0000000786800000, 0x0000000786800000|100%| E|CS|TAMS 0x0000000786700000, 0x0000000786700000| Complete 
| 104|0x0000000786800000, 0x0000000786900000, 0x0000000786900000|100%| E|CS|TAMS 0x0000000786800000, 0x0000000786800000| Complete 
| 105|0x0000000786900000, 0x0000000786a00000, 0x0000000786a00000|100%| E|CS|TAMS 0x0000000786900000, 0x0000000786900000| Complete 
| 106|0x0000000786a00000, 0x0000000786b00000, 0x0000000786b00000|100%| E|CS|TAMS 0x0000000786a00000, 0x0000000786a00000| Complete 
| 107|0x0000000786b00000, 0x0000000786c00000, 0x0000000786c00000|100%| E|CS|TAMS 0x0000000786b00000, 0x0000000786b00000| Complete 
| 108|0x0000000786c00000, 0x0000000786d00000, 0x0000000786d00000|100%| E|CS|TAMS 0x0000000786c00000, 0x0000000786c00000| Complete 
| 109|0x0000000786d00000, 0x0000000786e00000, 0x0000000786e00000|100%| E|CS|TAMS 0x0000000786d00000, 0x0000000786d00000| Complete 
| 110|0x0000000786e00000, 0x0000000786f00000, 0x0000000786f00000|100%| E|CS|TAMS 0x0000000786e00000, 0x0000000786e00000| Complete 
| 111|0x0000000786f00000, 0x0000000787000000, 0x0000000787000000|100%| E|CS|TAMS 0x0000000786f00000, 0x0000000786f00000| Complete 
| 112|0x0000000787000000, 0x0000000787100000, 0x0000000787100000|100%| S|CS|TAMS 0x0000000787000000, 0x0000000787000000| Complete 
| 113|0x0000000787100000, 0x0000000787200000, 0x0000000787200000|100%| S|CS|TAMS 0x0000000787100000, 0x0000000787100000| Complete 
| 114|0x0000000787200000, 0x0000000787300000, 0x0000000787300000|100%| E|CS|TAMS 0x0000000787200000, 0x0000000787200000| Complete 
| 115|0x0000000787300000, 0x0000000787400000, 0x0000000787400000|100%| E|CS|TAMS 0x0000000787300000, 0x0000000787300000| Complete 
| 116|0x0000000787400000, 0x0000000787500000, 0x0000000787500000|100%| E|CS|TAMS 0x0000000787400000, 0x0000000787400000| Complete 
| 117|0x0000000787500000, 0x0000000787600000, 0x0000000787600000|100%| E|CS|TAMS 0x0000000787500000, 0x0000000787500000| Complete 
| 118|0x0000000787600000, 0x0000000787700000, 0x0000000787700000|100%| E|CS|TAMS 0x0000000787600000, 0x0000000787600000| Complete 
| 119|0x0000000787700000, 0x0000000787800000, 0x0000000787800000|100%| E|CS|TAMS 0x0000000787700000, 0x0000000787700000| Complete 
| 120|0x0000000787800000, 0x0000000787900000, 0x0000000787900000|100%| E|CS|TAMS 0x0000000787800000, 0x0000000787800000| Complete 
| 121|0x0000000787900000, 0x0000000787a00000, 0x0000000787a00000|100%| E|CS|TAMS 0x0000000787900000, 0x0000000787900000| Complete 
| 122|0x0000000787a00000, 0x0000000787b00000, 0x0000000787b00000|100%| E|CS|TAMS 0x0000000787a00000, 0x0000000787a00000| Complete 
| 123|0x0000000787b00000, 0x0000000787c00000, 0x0000000787c00000|100%| E|CS|TAMS 0x0000000787b00000, 0x0000000787b00000| Complete 
| 124|0x0000000787c00000, 0x0000000787d00000, 0x0000000787d00000|100%| E|CS|TAMS 0x0000000787c00000, 0x0000000787c00000| Complete 
| 125|0x0000000787d00000, 0x0000000787e00000, 0x0000000787e00000|100%| E|CS|TAMS 0x0000000787d00000, 0x0000000787d00000| Complete 
| 126|0x0000000787e00000, 0x0000000787f00000, 0x0000000787f00000|100%| E|CS|TAMS 0x0000000787e00000, 0x0000000787e00000| Complete 
| 127|0x0000000787f00000, 0x0000000788000000, 0x0000000788000000|100%| E|CS|TAMS 0x0000000787f00000, 0x0000000787f00000| Complete 
|1022|0x00000007bfe00000, 0x00000007bfe47000, 0x00000007bff00000| 27%|OA|  |TAMS 0x00000007bfe00000, 0x00000007bfe00000| Untracked 
|1023|0x00000007bff00000, 0x00000007bff77000, 0x00000007c0000000| 46%|CA|  |TAMS 0x00000007bff00000, 0x00000007bff00000| Untracked 

Card table byte_map: [0x0000000103c0d000,0x000000010400d000] _byte_map_base: 0x000000010000d000

Marking Bits (Prev, Next): (CMBitMap*) 0x00007fdea200b818, (CMBitMap*) 0x00007fdea200b858
 Prev Bits: [0x000000011be29000, 0x000000011de29000)
 Next Bits: [0x000000011de29000, 0x000000011fe29000)

Polling page: 0x0000000101fbe000

Metaspace:

Usage:
  Non-class:      9.78 MB capacity,     9.42 MB ( 96%) used,   320.69 KB (  3%) free+waste,    43.75 KB ( <1%) overhead. 
      Class:      1.46 MB capacity,     1.28 MB ( 87%) used,   165.18 KB ( 11%) free+waste,    22.38 KB (  1%) overhead. 
       Both:     11.24 MB capacity,    10.70 MB ( 95%) used,   485.87 KB (  4%) free+waste,    66.12 KB ( <1%) overhead. 

Virtual space:
  Non-class space:       10.00 MB reserved,      10.00 MB (100%) committed 
      Class space:        1.00 GB reserved,       1.50 MB ( <1%) committed 
             Both:        1.01 GB reserved,      11.50 MB (  1%) committed 

Chunk freelists:
   Non-Class:  37.00 KB
       Class:  7.00 KB
        Both:  44.00 KB

MaxMetaspaceSize: unlimited
CompressedClassSpaceSize: 1.00 GB

CodeHeap 'non-profiled nmethods': size=120032Kb used=517Kb max_used=517Kb free=119514Kb
 bounds [0x00000001148f1000, 0x0000000114b61000, 0x000000011be29000]
CodeHeap 'profiled nmethods': size=120028Kb used=3037Kb max_used=3037Kb free=116990Kb
 bounds [0x000000010d3ba000, 0x000000010d6ba000, 0x00000001148f1000]
CodeHeap 'non-nmethods': size=5700Kb used=1278Kb max_used=1333Kb free=4421Kb
 bounds [0x000000010ce29000, 0x000000010d099000, 0x000000010d3ba000]
 total_blobs=2234 nmethods=1550 adapters=385
 compilation: enabled
              stopped_count=0, restarted_count=0
 full_count=0

Compilation events (20 events):
Event: 5.204 Thread 0x00007fdea2037800 1493       4       jdk.internal.org.objectweb.asm.ByteVector::putUTF8 (144 bytes)
Event: 5.236 Thread 0x00007fdea2037800 nmethod 1493 0x000000011496fb90 code [0x000000011496fd40, 0x00000001149706e8]
Event: 5.236 Thread 0x00007fdea2037800 1498       4       org.eclipse.jdt.launching.internal.org.objectweb.asm.SymbolTable::addConstantUtf8Reference (101 bytes)
Event: 5.263 Thread 0x00007fdea2037800 nmethod 1498 0x0000000114970b90 code [0x0000000114970d80, 0x0000000114971c48]
Event: 7.962 Thread 0x00007fdea203c800 1593       3       java.io.PrintStream::ensureOpen (18 bytes)
Event: 7.963 Thread 0x00007fdea203c800 nmethod 1593 0x000000010d6ae110 code [0x000000010d6ae2c0, 0x000000010d6ae568]
Event: 7.964 Thread 0x00007fdea203c800 1595       3       com.google.common.base.CharMatcher$And::matches (28 bytes)
Event: 7.965 Thread 0x00007fdea203c800 nmethod 1595 0x000000010d6ae690 code [0x000000010d6ae860, 0x000000010d6aec38]
Event: 7.965 Thread 0x00007fdea203c800 1598       3       com.google.common.base.Preconditions::checkNotNull (14 bytes)
Event: 7.965 Thread 0x00007fdea203c800 nmethod 1598 0x000000010d6aed90 code [0x000000010d6aef40, 0x000000010d6af188]
Event: 7.965 Thread 0x00007fdea203c800 1599       3       java.util.stream.AbstractPipeline::wrapSink (37 bytes)
Event: 7.965 Thread 0x00007fdea203c800 nmethod 1599 0x000000010d6af290 code [0x000000010d6af460, 0x000000010d6af8f8]
Event: 7.965 Thread 0x00007fdea203c800 1596       3       java.util.Spliterator::getExactSizeIfKnown (25 bytes)
Event: 7.966 Thread 0x00007fdea203c800 nmethod 1596 0x000000010d6afa90 code [0x000000010d6afc40, 0x000000010d6affb8]
Event: 7.966 Thread 0x00007fdea203c800 1597       3       java.util.stream.AbstractPipeline::evaluate (94 bytes)
Event: 7.966 Thread 0x00007fdea203c800 nmethod 1597 0x000000010d6b0090 code [0x000000010d6b02c0, 0x000000010d6b0a08]
Event: 7.966 Thread 0x00007fdea203c800 1594       3       java.lang.invoke.DirectMethodHandle$Holder::invokeStatic (15 bytes)
Event: 7.966 Thread 0x00007fdea203c800 nmethod 1594 0x000000010d6b0c10 code [0x000000010d6b0de0, 0x000000010d6b1418]
Event: 7.966 Thread 0x00007fdea2037800 1600       4       jdk.internal.org.objectweb.asm.Symbol::<init> (38 bytes)
Event: 7.970 Thread 0x00007fdea2037800 nmethod 1600 0x0000000114972290 code [0x0000000114972400, 0x00000001149726f8]

GC Heap History (2 events):
Event: 0.710 GC heap before
{Heap before GC invocations=0 (full 0):
 garbage-first heap   total 133120K, used 15096K [0x0000000780000000, 0x0000000800000000)
  region size 1024K, 14 young (14336K), 0 survivors (0K)
 Metaspace       used 4388K, capacity 5718K, committed 6016K, reserved 1056768K
  class space    used 460K, capacity 562K, committed 640K, reserved 1048576K
}
Event: 0.717 GC heap after
{Heap after GC invocations=1 (full 0):
 garbage-first heap   total 133120K, used 3200K [0x0000000780000000, 0x0000000800000000)
  region size 1024K, 2 young (2048K), 2 survivors (2048K)
 Metaspace       used 4388K, capacity 5718K, committed 6016K, reserved 1056768K
  class space    used 460K, capacity 562K, committed 640K, reserved 1048576K
}

Deoptimization events (20 events):
Event: 1.674 Thread 0x00007fdea200b000 DEOPT PACKING pc=0x000000010d523e16 sp=0x000070000cacc620
Event: 1.674 Thread 0x00007fdea200b000 DEOPT UNPACKING pc=0x000000010ce7233a sp=0x000070000cacbb40 mode 0
Event: 1.676 Thread 0x00007fdea200b000 DEOPT PACKING pc=0x000000010d523e16 sp=0x000070000cacc620
Event: 1.676 Thread 0x00007fdea200b000 DEOPT UNPACKING pc=0x000000010ce7233a sp=0x000070000cacbb40 mode 0
Event: 1.678 Thread 0x00007fdea200b000 DEOPT PACKING pc=0x000000010d523e16 sp=0x000070000cacc8c0
Event: 1.678 Thread 0x00007fdea200b000 DEOPT UNPACKING pc=0x000000010ce7233a sp=0x000070000cacbde0 mode 0
Event: 1.681 Thread 0x00007fdea200b000 DEOPT PACKING pc=0x000000010d523e16 sp=0x000070000cacc160
Event: 1.681 Thread 0x00007fdea200b000 DEOPT UNPACKING pc=0x000000010ce7233a sp=0x000070000cacb680 mode 0
Event: 1.687 Thread 0x00007fdea200b000 DEOPT PACKING pc=0x000000010d523e16 sp=0x000070000cacbd60
Event: 1.687 Thread 0x00007fdea200b000 DEOPT UNPACKING pc=0x000000010ce7233a sp=0x000070000cacb280 mode 0
Event: 1.689 Thread 0x00007fdea200b000 DEOPT PACKING pc=0x000000010d523e16 sp=0x000070000cacaba0
Event: 1.689 Thread 0x00007fdea200b000 DEOPT UNPACKING pc=0x000000010ce7233a sp=0x000070000caca0c0 mode 0
Event: 1.694 Thread 0x00007fdea200b000 DEOPT PACKING pc=0x000000010d523e16 sp=0x000070000cac8c40
Event: 1.694 Thread 0x00007fdea200b000 DEOPT UNPACKING pc=0x000000010ce7233a sp=0x000070000cac8160 mode 0
Event: 1.698 Thread 0x00007fdea200b000 DEOPT PACKING pc=0x000000010d523e16 sp=0x000070000cacbb20
Event: 1.698 Thread 0x00007fdea200b000 DEOPT UNPACKING pc=0x000000010ce7233a sp=0x000070000cacb040 mode 0
Event: 1.706 Thread 0x00007fdea200b000 DEOPT PACKING pc=0x000000010d523e16 sp=0x000070000cacbed0
Event: 1.706 Thread 0x00007fdea200b000 DEOPT UNPACKING pc=0x000000010ce7233a sp=0x000070000cacb3f0 mode 0
Event: 4.807 Thread 0x00007fdea200b000 DEOPT PACKING pc=0x000000010d59e4bc sp=0x000070000cace850
Event: 4.807 Thread 0x00007fdea200b000 DEOPT UNPACKING pc=0x000000010ce7233a sp=0x000070000cacddb8 mode 1

Classes unloaded (0 events):
No events

Classes redefined (7 events):
Event: 116.896 Thread 0x00007fdea2035000 redefined class name=homeWork, count=1
Event: 142.629 Thread 0x00007fdea2035000 redefined class name=homeWork, count=2
Event: 465.746 Thread 0x00007fdea2035000 redefined class name=homeWork, count=3
Event: 583.717 Thread 0x00007fdea2035000 redefined class name=homeWork, count=4
Event: 627.960 Thread 0x00007fdea2035000 redefined class name=homeWork, count=5
Event: 750.631 Thread 0x00007fdea2035000 redefined class name=homeWork, count=6
Event: 835.572 Thread 0x00007fdea2035000 redefined class name=homeWork, count=7

Internal exceptions (20 events):
Event: 1.031 Thread 0x00007fdea2ab8000 Exception <a 'java/net/ConnectException'{0x0000000786caa170}> (0x0000000786caa170) 
thrown [/scratch/mesos/slaves/d65fa3d4-10de-46aa-a2db-52cc9981537a-S157/frameworks/1735e8a2-a1db-478c-8104-60c8b0af87dd-0196/executors/cd04c109-7866-4c89-a9cb-580d1b4b0057/runs/bdf96710-70fa-465f-a6db-19a171d6559f/workspace/open/src/hotspot/share/prims/jni.cpp, line 598]
Event: 1.031 Thread 0x00007fdea38d6000 Exception <a 'java/lang/NoSuchMethodError'{0x0000000786c34108}: 'java.lang.Object java.lang.invoke.Invokers$Holder.linkToTargetMethod(java.lang.Object, long, java.lang.Object)'> (0x0000000786c34108) 
thrown [/scratch/mesos/slaves/d65fa3d4-10de-46aa-a2db-52cc9981537a-S157/frameworks/1735e8a2-a1db-478c-8104-60c8b0af87dd-0196/executors/cd04c109-7866-4c89-a9cb-580d1b4b0057/runs/bdf96710-70fa-465f-a6db-19a171d6559f/workspace/open/src/hotspot/share/interpreter/linkResolver.cpp, line 767]
Event: 1.032 Thread 0x00007fdea38d6000 Exception <a 'java/lang/NoSuchMethodError'{0x0000000786c3a2e0}: 'java.lang.Object java.lang.invoke.DirectMethodHandle$Holder.invokeStatic(java.lang.Object, java.lang.Object, java.lang.Object, int)'> (0x0000000786c3a2e0) 
thrown [/scratch/mesos/slaves/d65fa3d4-10de-46aa-a2db-52cc9981537a-S157/frameworks/1735e8a2-a1db-478c-8104-60c8b0af87dd-0196/executors/cd04c109-7866-4c89-a9cb-580d1b4b0057/runs/bdf96710-70fa-465f-a6db-19a171d6559f/workspace/open/src/hotspot/share/interpreter/linkResolver.cpp, line 767]
Event: 1.033 Thread 0x00007fdea38d6000 Exception <a 'java/lang/NoSuchMethodError'{0x0000000786c3d878}: 'java.lang.Object java.lang.invoke.DirectMethodHandle$Holder.invokeSpecial(java.lang.Object, java.lang.Object, java.lang.Object, java.lang.Object, int)'> (0x0000000786c3d878) 
thrown [/scratch/mesos/slaves/d65fa3d4-10de-46aa-a2db-52cc9981537a-S157/frameworks/1735e8a2-a1db-478c-8104-60c8b0af87dd-0196/executors/cd04c109-7866-4c89-a9cb-580d1b4b0057/runs/bdf96710-70fa-465f-a6db-19a171d6559f/workspace/open/src/hotspot/share/interpreter/linkResolver
Event: 1.033 Thread 0x00007fdea38d6000 Exception <a 'java/lang/NoSuchMethodError'{0x0000000786c40690}: 'java.lang.Object java.lang.invoke.Invokers$Holder.linkToTargetMethod(java.lang.Object, java.lang.Object, int, java.lang.Object)'> (0x0000000786c40690) 
thrown [/scratch/mesos/slaves/d65fa3d4-10de-46aa-a2db-52cc9981537a-S157/frameworks/1735e8a2-a1db-478c-8104-60c8b0af87dd-0196/executors/cd04c109-7866-4c89-a9cb-580d1b4b0057/runs/bdf96710-70fa-465f-a6db-19a171d6559f/workspace/open/src/hotspot/share/interpreter/linkResolver.cpp, line 767]
Event: 1.053 Thread 0x00007fdea2ab8000 Exception <a 'java/net/ConnectException'{0x0000000786cab158}> (0x0000000786cab158) 
thrown [/scratch/mesos/slaves/d65fa3d4-10de-46aa-a2db-52cc9981537a-S157/frameworks/1735e8a2-a1db-478c-8104-60c8b0af87dd-0196/executors/cd04c109-7866-4c89-a9cb-580d1b4b0057/runs/bdf96710-70fa-465f-a6db-19a171d6559f/workspace/open/src/hotspot/share/prims/jni.cpp, line 598]
Event: 1.136 Thread 0x00007fdea200b000 Exception <a 'java/lang/NoSuchMethodError'{0x000000078696ed90}: 'java.lang.Object java.lang.invoke.DirectMethodHandle$Holder.invokeInterface(java.lang.Object, java.lang.Object, java.lang.Object)'> (0x000000078696ed90) 
thrown [/scratch/mesos/slaves/d65fa3d4-10de-46aa-a2db-52cc9981537a-S157/frameworks/1735e8a2-a1db-478c-8104-60c8b0af87dd-0196/executors/cd04c109-7866-4c89-a9cb-580d1b4b0057/runs/bdf96710-70fa-465f-a6db-19a171d6559f/workspace/open/src/hotspot/share/interpreter/linkResolver.cpp, line 767]
Event: 1.137 Thread 0x00007fdea200b000 Exception <a 'java/lang/IncompatibleClassChangeError'{0x0000000786971b58}: Found class java.lang.Object, but interface was expected> (0x0000000786971b58) 
thrown [/scratch/mesos/slaves/d65fa3d4-10de-46aa-a2db-52cc9981537a-S157/frameworks/1735e8a2-a1db-478c-8104-60c8b0af87dd-0196/executors/cd04c109-7866-4c89-a9cb-580d1b4b0057/runs/bdf96710-70fa-465f-a6db-19a171d6559f/workspace/open/src/hotspot/share/interpreter/linkResolver.cpp, line 833]
Event: 1.138 Thread 0x00007fdea200b000 Exception <a 'java/lang/NoSuchMethodError'{0x000000078697a7c0}: 'int java.lang.invoke.DirectMethodHandle$Holder.invokeSpecialIFC(java.lang.Object, java.lang.Object, java.lang.Object, java.lang.Object)'> (0x000000078697a7c0) 
thrown [/scratch/mesos/slaves/d65fa3d4-10de-46aa-a2db-52cc9981537a-S157/frameworks/1735e8a2-a1db-478c-8104-60c8b0af87dd-0196/executors/cd04c109-7866-4c89-a9cb-580d1b4b0057/runs/bdf96710-70fa-465f-a6db-19a171d6559f/workspace/open/src/hotspot/share/interpreter/linkResolver.cpp, line 767]
Event: 1.139 Thread 0x00007fdea200b000 Exception <a 'java/lang/NoSuchMethodError'{0x0000000786983618}: 'java.lang.Object java.lang.invoke.DirectMethodHandle$Holder.invokeInterface(java.lang.Object, java.lang.Object, java.lang.Object, java.lang.Object)'> (0x0000000786983618) 
thrown [/scratch/mesos/slaves/d65fa3d4-10de-46aa-a2db-52cc9981537a-S157/frameworks/1735e8a2-a1db-478c-8104-60c8b0af87dd-0196/executors/cd04c109-7866-4c89-a9cb-580d1b4b0057/runs/bdf96710-70fa-465f-a6db-19a171d6559f/workspace/open/src/hotspot/share/interpreter/linkResolver.cp
Event: 1.147 Thread 0x00007fdea200b000 Exception <a 'java/lang/NoSuchMethodError'{0x00000007869ccac8}: 'java.lang.Object java.lang.invoke.DirectMethodHandle$Holder.invokeVirtual(java.lang.Object, java.lang.Object, java.lang.Object)'> (0x00000007869ccac8) 
thrown [/scratch/mesos/slaves/d65fa3d4-10de-46aa-a2db-52cc9981537a-S157/frameworks/1735e8a2-a1db-478c-8104-60c8b0af87dd-0196/executors/cd04c109-7866-4c89-a9cb-580d1b4b0057/runs/bdf96710-70fa-465f-a6db-19a171d6559f/workspace/open/src/hotspot/share/interpreter/linkResolver.cpp, line 767]
Event: 1.181 Thread 0x00007fdea200b000 Exception <a 'java/lang/NoSuchMethodError'{0x0000000786675458}: 'int java.lang.invoke.DirectMethodHandle$Holder.invokeVirtual(java.lang.Object, java.lang.Object)'> (0x0000000786675458) 
thrown [/scratch/mesos/slaves/d65fa3d4-10de-46aa-a2db-52cc9981537a-S157/frameworks/1735e8a2-a1db-478c-8104-60c8b0af87dd-0196/executors/cd04c109-7866-4c89-a9cb-580d1b4b0057/runs/bdf96710-70fa-465f-a6db-19a171d6559f/workspace/open/src/hotspot/share/interpreter/linkResolver.cpp, line 767]
Event: 1.182 Thread 0x00007fdea200b000 Exception <a 'java/lang/NoSuchMethodError'{0x000000078667a7b8}: 'double java.lang.invoke.DirectMethodHandle$Holder.invokeVirtual(java.lang.Object, java.lang.Object)'> (0x000000078667a7b8) 
thrown [/scratch/mesos/slaves/d65fa3d4-10de-46aa-a2db-52cc9981537a-S157/frameworks/1735e8a2-a1db-478c-8104-60c8b0af87dd-0196/executors/cd04c109-7866-4c89-a9cb-580d1b4b0057/runs/bdf96710-70fa-465f-a6db-19a171d6559f/workspace/open/src/hotspot/share/interpreter/linkResolver.cpp, line 767]
Event: 1.183 Thread 0x00007fdea200b000 Exception <a 'java/lang/NoSuchMethodError'{0x000000078667fda8}: 'float java.lang.invoke.DirectMethodHandle$Holder.invokeVirtual(java.lang.Object, java.lang.Object)'> (0x000000078667fda8) 
thrown [/scratch/mesos/slaves/d65fa3d4-10de-46aa-a2db-52cc9981537a-S157/frameworks/1735e8a2-a1db-478c-8104-60c8b0af87dd-0196/executors/cd04c109-7866-4c89-a9cb-580d1b4b0057/runs/bdf96710-70fa-465f-a6db-19a171d6559f/workspace/open/src/hotspot/share/interpreter/linkResolver.cpp, line 767]
Event: 1.183 Thread 0x00007fdea200b000 Exception <a 'java/lang/NoSuchMethodError'{0x0000000786687b90}: 'long java.lang.invoke.DirectMethodHandle$Holder.invokeVirtual(java.lang.Object, java.lang.Object)'> (0x0000000786687b90) 
thrown [/scratch/mesos/slaves/d65fa3d4-10de-46aa-a2db-52cc9981537a-S157/frameworks/1735e8a2-a1db-478c-8104-60c8b0af87dd-0196/executors/cd04c109-7866-4c89-a9cb-580d1b4b0057/runs/bdf96710-70fa-465f-a6db-19a171d6559f/workspace/open/src/hotspot/share/interpreter/linkResolver.cpp, line 767]
Event: 1.535 Thread 0x00007fdea200b000 Exception <a 'java/lang/NoSuchMethodError'{0x0000000785f70fd0}: 'void java.lang.invoke.DirectMethodHandle$Holder.invokeStatic(java.lang.Object, java.lang.Object, java.lang.Object, java.lang.Object, java.lang.Object)'> (0x0000000785f70fd0) 
thrown [/scratch/mesos/slaves/d65fa3d4-10de-46aa-a2db-52cc9981537a-S157/frameworks/1735e8a2-a1db-478c-8104-60c8b0af87dd-0196/executors/cd04c109-7866-4c89-a9cb-580d1b4b0057/runs/bdf96710-70fa-465f-a6db-19a171d6559f/workspace/open/src/hotspot/share/interpreter/linkResolver
Event: 1.655 Thread 0x00007fdea200b000 Exception <a 'java/lang/NoSuchMethodError'{0x00000007856b0148}: 'void java.lang.invoke.DirectMethodHandle$Holder.invokeStatic(java.lang.Object, java.lang.Object, java.lang.Object, java.lang.Object)'> (0x00000007856b0148) 
thrown [/scratch/mesos/slaves/d65fa3d4-10de-46aa-a2db-52cc9981537a-S157/frameworks/1735e8a2-a1db-478c-8104-60c8b0af87dd-0196/executors/cd04c109-7866-4c89-a9cb-580d1b4b0057/runs/bdf96710-70fa-465f-a6db-19a171d6559f/workspace/open/src/hotspot/share/interpreter/linkResolver.cpp, line 767]
Event: 4.592 Thread 0x00007fdea200b000 Exception <a 'java/lang/NoSuchMethodError'{0x00000007851ebd70}: 'java.lang.Object java.lang.invoke.DirectMethodHandle$Holder.invokeSpecialIFC(java.lang.Object, java.lang.Object, java.lang.Object)'> (0x00000007851ebd70) 
thrown [/scratch/mesos/slaves/d65fa3d4-10de-46aa-a2db-52cc9981537a-S157/frameworks/1735e8a2-a1db-478c-8104-60c8b0af87dd-0196/executors/cd04c109-7866-4c89-a9cb-580d1b4b0057/runs/bdf96710-70fa-465f-a6db-19a171d6559f/workspace/open/src/hotspot/share/interpreter/linkResolver.cpp, line 767]
Event: 4.696 Thread 0x00007fdea200b000 Exception <a 'java/lang/NoSuchMethodError'{0x00000007850e51b8}: 'java.lang.Object java.lang.invoke.DirectMethodHandle$Holder.invokeStatic(java.lang.Object, int, java.lang.Object)'> (0x00000007850e51b8) 
thrown [/scratch/mesos/slaves/d65fa3d4-10de-46aa-a2db-52cc9981537a-S157/frameworks/1735e8a2-a1db-478c-8104-60c8b0af87dd-0196/executors/cd04c109-7866-4c89-a9cb-580d1b4b0057/runs/bdf96710-70fa-465f-a6db-19a171d6559f/workspace/open/src/hotspot/share/interpreter/linkResolver.cpp, line 767]
Event: 4.782 Thread 0x00007fdea200b000 Exception <a 'java/lang/ClassNotFoundException'{0x0000000784f34ff0}: sun/util/logging/resources/spi/loggingProvider> (0x0000000784f34ff0) 
thrown [/scratch/mesos/slaves/d65fa3d4-10de-46aa-a2db-52cc9981537a-S157/frameworks/1735e8a2-a1db-478c-8104-60c8b0af87dd-0196/executors/cd04c109-7866-4c89-a9cb-580d1b4b0057/runs/bdf96710-70fa-465f-a6db-19a171d6559f/workspace/open/src/hotspot/share/classfile/systemDictionary.cpp, line 232]

Events (20 events):
Event: 835.566 Executing VM operation: RedefineClasses
Event: 835.579 Executing VM operation: RedefineClasses done
Event: 835.587 Executing VM operation: ChangeBreakpoints
Event: 835.588 Executing VM operation: ChangeBreakpoints done
Event: 835.589 Executing VM operation: GetFrameCount
Event: 835.589 Executing VM operation: GetFrameCount done
Event: 835.589 Executing VM operation: GetStackTrace
Event: 835.590 Executing VM operation: GetStackTrace done
Event: 835.590 Executing VM operation: GetFrameCount
Event: 835.590 Executing VM operation: GetFrameCount done
Event: 835.590 Executing VM operation: SetFramePop
Event: 835.590 Executing VM operation: SetFramePop done
Event: 835.590 Executing VM operation: GetFrameLocation
Event: 835.590 Executing VM operation: GetFrameLocation done
Event: 835.590 Executing VM operation: GetCurrentLocation
Event: 835.590 Executing VM operation: GetCurrentLocation done
Event: 835.590 Executing VM operation: ChangeSingleStep
Event: 835.590 Executing VM operation: ChangeSingleStep done
Event: 835.591 Executing VM operation: GetFrameLocation
Event: 835.591 Executing VM operation: GetFrameLocation done


Dynamic libraries:
0x00007fff68a1c000 	/usr/lib/libz.1.dylib
0x0000000101f71000 	/Library/Java/JavaVirtualMachines/jdk-13.0.2.jdk/Contents/Home/lib/libjli.dylib
0x00007fff2e775000 	/System/Library/Frameworks/Cocoa.framework/Versions/A/Cocoa
0x00007fff3bf5d000 	/System/Library/Frameworks/Security.framework/Versions/A/Security
0x00007fff2d6dc000 	/System/Library/Frameworks/ApplicationServices.framework/Versions/A/ApplicationServices
0x00007fff664e0000 	/usr/lib/libSystem.B.dylib
0x00007fff692dc000 	/usr/lib/system/libcache.dylib
0x00007fff692e2000 	/usr/lib/system/libcommonCrypto.dylib
0x00007fff692ee000 	/usr/lib/system/libcompiler_rt.dylib
0x00007fff692f6000 	/usr/lib/system/libcopyfile.dylib
0x00007fff69300000 	/usr/lib/system/libcorecrypto.dylib
0x00007fff6949f000 	/usr/lib/system/libdispatch.dylib
0x00007fff694e0000 	/usr/lib/system/libdyld.dylib
0x00007fff69517000 	/usr/lib/system/libkeymgr.dylib
0x00007fff69525000 	/usr/lib/system/liblaunch.dylib
0x00007fff69526000 	/usr/lib/system/libmacho.dylib
0x00007fff6952c000 	/usr/lib/system/libquarantine.dylib
0x00007fff6952f000 	/usr/lib/system/libremovefile.dylib
0x00007fff69531000 	/usr/lib/system/libsystem_asl.dylib
0x00007fff69549000 	/usr/lib/system/libsystem_blocks.dylib
0x00007fff6954a000 	/usr/lib/system/libsystem_c.dylib
0x00007fff695d2000 	/usr/lib/system/libsystem_configuration.dylib
0x00007fff695d6000 	/usr/lib/system/libsystem_coreservices.dylib
0x00007fff695da000 	/usr/lib/system/libsystem_darwin.dylib
0x00007fff695e3000 	/usr/lib/system/libsystem_dnssd.dylib
0x00007fff695eb000 	/usr/lib/system/libsystem_featureflags.dylib
0x00007fff695ed000 	/usr/lib/system/libsystem_info.dylib
0x00007fff69668000 	/usr/lib/system/libsystem_m.dylib
0x00007fff696b0000 	/usr/lib/system/libsystem_malloc.dylib
0x00007fff696d8000 	/usr/lib/system/libsystem_networkextension.dylib
0x00007fff696e6000 	/usr/lib/system/libsystem_notify.dylib
0x00007fff69704000 	/usr/lib/system/libsystem_sandbox.dylib
0x00007fff69709000 	/usr/lib/system/libsystem_secinit.dylib
0x00007fff6963b000 	/usr/lib/system/libsystem_kernel.dylib
0x00007fff696f0000 	/usr/lib/system/libsystem_platform.dylib
0x00007fff696f9000 	/usr/lib/system/libsystem_pthread.dylib
0x00007fff6970c000 	/usr/lib/system/libsystem_symptoms.dylib
0x00007fff69714000 	/usr/lib/system/libsystem_trace.dylib
0x00007fff6972c000 	/usr/lib/system/libunwind.dylib
0x00007fff69732000 	/usr/lib/system/libxpc.dylib
0x00007fff68340000 	/usr/lib/libobjc.A.dylib
0x00007fff66819000 	/usr/lib/libc++abi.dylib
0x00007fff667c6000 	/usr/lib/libc++.1.dylib
0x00007fff2f615000 	/System/Library/Frameworks/CoreFoundation.framework/Versions/A/CoreFoundation
0x00007fff31ccf000 	/System/Library/Frameworks/Foundation.framework/Versions/C/Foundation
0x00007fff2c8cc000 	/System/Library/Frameworks/AppKit.framework/Versions/C/AppKit
0x00007fff2f0f9000 	/System/Library/Frameworks/CoreData.framework/Versions/A/CoreData
0x00007fff604fb000 	/System/Library/PrivateFrameworks/UIFoundation.framework/Versions/A/UIFoundation
0x00007fff5b59f000 	/System/Library/PrivateFrameworks/RemoteViewServices.framework/Versions/A/RemoteViewServices
0x00007fff63050000 	/System/Library/PrivateFrameworks/XCTTargetBootstrap.framework/Versions/A/XCTTargetBootstrap
0x00007fff2f4e4000 	/System/Library/Frameworks/CoreDisplay.framework/Versions/A/CoreDisplay
0x00007fff34b8a000 	/System/Library/Frameworks/Metal.framework/Versions/A/Metal
0x00007fff495c1000 	/System/Library/PrivateFrameworks/DesktopServicesPriv.framework/Versions/A/DesktopServicesPriv
0x00007fff6761b000 	/usr/lib/liblangid.dylib
0x00007fff48859000 	/System/Library/PrivateFrameworks/CoreSVG.framework/Versions/A/CoreSVG
0x00007fff5e6f8000 	/System/Library/PrivateFrameworks/SkyLight.framework/Versions/A/SkyLight
0x00007fff2fa96000 	/System/Library/Frameworks/CoreGraphics.framework/Versions/A/CoreGraphics
0x00007fff2b2a0000 	/System/Library/Frameworks/Accelerate.framework/Versions/A/Accelerate
0x00007fff6890d000 	/usr/lib/libxml2.2.dylib
0x00007fff54538000 	/System/Library/PrivateFrameworks/IconServices.framework/Versions/A/IconServices
0x00007fff324ae000 	/System/Library/Frameworks/IOSurface.framework/Versions/A/IOSurface
0x00007fff6600a000 	/usr/lib/libDiagnosticMessagesClient.dylib
0x00007fff4941b000 	/System/Library/PrivateFrameworks/DFRFoundation.framework/Versions/A/DFRFoundation
0x00007fff673aa000 	/usr/lib/libicucore.A.dylib
0x00007fff2da0e000 	/System/Library/Frameworks/AudioToolbox.framework/Versions/A/AudioToolbox
0x00007fff2daf1000 	/System/Library/Frameworks/AudioUnit.framework/Versions/A/AudioUnit
0x00007fff666e2000 	/usr/lib/libauto.dylib
0x00007fff494bd000 	/System/Library/PrivateFrameworks/DataDetectorsCore.framework/Versions/A/DataDetectorsCore
0x00007fff2e296000 	/System/Library/Frameworks/Carbon.framework/Versions/A/Frameworks/HIToolbox.framework/Versions/A/HIToolbox
0x00007fff3b15a000 	/System/Library/Frameworks/QuartzCore.framework/Versions/A/QuartzCore
0x00007fff2e5d5000 	/System/Library/Frameworks/Carbon.framework/Versions/A/Frameworks/SpeechRecognition.framework/Versions/A/SpeechRecognition
0x00007fff48f32000 	/System/Library/PrivateFrameworks/CoreUI.framework/Versions/A/CoreUI
0x00007fff2eb64000 	/System/Library/Frameworks/CoreAudio.framework/Versions/A/CoreAudio
0x00007fff31990000 	/System/Library/Frameworks/DiskArbitration.framework/Versions/A/DiskArbitration
0x00007fff56586000 	/System/Library/PrivateFrameworks/MultitouchSupport.framework/Versions/A/MultitouchSupport
0x00007fff67271000 	/usr/lib/libenergytrace.dylib
0x00007fff32408000 	/System/Library/Frameworks/IOKit.framework/Versions/A/IOKit
0x00007fff309fc000 	/System/Library/Frameworks/CoreServices.framework/Versions/A/CoreServices
0x00007fff58735000 	/System/Library/PrivateFrameworks/PerformanceAnalysis.framework/Versions/A/PerformanceAnalysis
0x00007fff3a18d000 	/System/Library/Frameworks/OpenGL.framework/Versions/A/OpenGL
0x00007fff2e783000 	/System/Library/Frameworks/ColorSync.framework/Versions/A/ColorSync
0x00007fff30118000 	/System/Library/Frameworks/CoreImage.framework/Versions/A/CoreImage
0x00007fff3146f000 	/System/Library/Frameworks/CoreText.framework/Versions/A/CoreText
0x00007fff3253e000 	/System/Library/Frameworks/ImageIO.framework/Versions/A/ImageIO
0x00007fff66842000 	/usr/lib/libcompression.dylib
0x00007fff6634e000 	/usr/lib/libMobileGestalt.dylib
0x00007fff60270000 	/System/Library/PrivateFrameworks/TextureIO.framework/Versions/A/TextureIO
0x00007fff66645000 	/usr/lib/libate.dylib
0x00007fff54741000 	/System/Library/PrivateFrameworks/InternationalSupport.framework/Versions/A/InternationalSupport
0x00007fff6761d000 	/usr/lib/liblzma.5.dylib
0x00007fff67298000 	/usr/lib/libfakelink.dylib
0x00007fff665d2000 	/usr/lib/libarchive.2.dylib
0x00007fff3d00e000 	/System/Library/Frameworks/SystemConfiguration.framework/Versions/A/SystemConfiguration
0x00007fff65f3d000 	/usr/lib/libCRFSuite.dylib
0x00007fff2de87000 	/System/Library/Frameworks/CFNetwork.framework/Versions/A/CFNetwork
0x00007fff667a8000 	/usr/lib/libbsm.0.dylib
0x00007fff69518000 	/usr/lib/system/libkxld.dylib
0x00007fff42da7000 	/System/Library/PrivateFrameworks/AppleFSCompression.framework/Versions/A/AppleFSCompression
0x00007fff66b33000 	/usr/lib/libcoretls.dylib
0x00007fff66b4a000 	/usr/lib/libcoretls_cfhelpers.dylib
0x00007fff68386000 	/usr/lib/libpam.2.dylib
0x00007fff684bb000 	/usr/lib/libsqlite3.dylib
0x00007fff688fa000 	/usr/lib/libxar.1.dylib
0x00007fff667b9000 	/usr/lib/libbz2.1.0.dylib
0x00007fff672b9000 	/usr/lib/libiconv.2.dylib
0x00007fff6682f000 	/usr/lib/libcharset.1.dylib
0x00007fff67e23000 	/usr/lib/libnetwork.dylib
0x00007fff6838d000 	/usr/lib/libpcap.A.dylib
0x00007fff66587000 	/usr/lib/libapple_nghttp2.dylib
0x00007fff30db3000 	/System/Library/Frameworks/CoreServices.framework/Versions/A/Frameworks/FSEvents.framework/Versions/A/FSEvents
0x00007fff30a83000 	/System/Library/Frameworks/CoreServices.framework/Versions/A/Frameworks/CarbonCore.framework/Versions/A/CarbonCore
0x00007fff30ff7000 	/System/Library/Frameworks/CoreServices.framework/Versions/A/Frameworks/Metadata.framework/Versions/A/Metadata
0x00007fff31090000 	/System/Library/Frameworks/CoreServices.framework/Versions/A/Frameworks/OSServices.framework/Versions/A/OSServices
0x00007fff310be000 	/System/Library/Frameworks/CoreServices.framework/Versions/A/Frameworks/SearchKit.framework/Versions/A/SearchKit
0x00007fff309fd000 	/System/Library/Frameworks/CoreServices.framework/Versions/A/Frameworks/AE.framework/Versions/A/AE
0x00007fff30dbc000 	/System/Library/Frameworks/CoreServices.framework/Versions/A/Frameworks/LaunchServices.framework/Versions/A/LaunchServices
0x00007fff30d65000 	/System/Library/Frameworks/CoreServices.framework/Versions/A/Frameworks/DictionaryServices.framework/Versions/A/DictionaryServices
0x00007fff31126000 	/System/Library/Frameworks/CoreServices.framework/Versions/A/Frameworks/SharedFileList.framework/Versions/A/SharedFileList
0x00007fff35fad000 	/System/Library/Frameworks/NetFS.framework/Versions/A/NetFS
0x00007fff56ab6000 	/System/Library/PrivateFrameworks/NetAuth.framework/Versions/A/NetAuth
0x00007fff6341d000 	/System/Library/PrivateFrameworks/login.framework/Versions/A/Frameworks/loginsupport.framework/Versions/A/loginsupport
0x00007fff5fd3b000 	/System/Library/PrivateFrameworks/TCC.framework/Versions/A/TCC
0x00007fff479cc000 	/System/Library/PrivateFrameworks/CoreNLP.framework/Versions/A/CoreNLP
0x00007fff55fb3000 	/System/Library/PrivateFrameworks/MetadataUtilities.framework/Versions/A/MetadataUtilities
0x00007fff676f5000 	/usr/lib/libmecabra.dylib
0x00007fff6764d000 	/usr/lib/libmecab.dylib
0x00007fff672a9000 	/usr/lib/libgermantok.dylib
0x00007fff6656e000 	/usr/lib/libThaiTokenizer.dylib
0x00007fff65f74000 	/usr/lib/libChineseTokenizer.dylib
0x00007fff2b2b8000 	/System/Library/Frameworks/Accelerate.framework/Versions/A/Frameworks/vImage.framework/Versions/A/vImage
0x00007fff2c722000 	/System/Library/Frameworks/Accelerate.framework/Versions/A/Frameworks/vecLib.framework/Versions/A/vecLib
0x00007fff2c65f000 	/System/Library/Frameworks/Accelerate.framework/Versions/A/Frameworks/vecLib.framework/Versions/A/libvMisc.dylib
0x00007fff2c487000 	/System/Library/Frameworks/Accelerate.framework/Versions/A/Frameworks/vecLib.framework/Versions/A/libvDSP.dylib
0x00007fff2b90f000 	/System/Library/Frameworks/Accelerate.framework/Versions/A/Frameworks/vecLib.framework/Versions/A/libBLAS.dylib
0x00007fff2c04b000 	/System/Library/Frameworks/Accelerate.framework/Versions/A/Frameworks/vecLib.framework/Versions/A/libLAPACK.dylib
0x00007fff2c3e7000 	/System/Library/Frameworks/Accelerate.framework/Versions/A/Frameworks/vecLib.framework/Versions/A/libLinearAlgebra.dylib
0x00007fff2c474000 	/System/Library/Frameworks/Accelerate.framework/Versions/A/Frameworks/vecLib.framework/Versions/A/libSparseBLAS.dylib
0x00007fff2c3fd000 	/System/Library/Frameworks/Accelerate.framework/Versions/A/Frameworks/vecLib.framework/Versions/A/libQuadrature.dylib
0x00007fff2bb77000 	/System/Library/Frameworks/Accelerate.framework/Versions/A/Frameworks/vecLib.framework/Versions/A/libBNNS.dylib
0x00007fff2c403000 	/System/Library/Frameworks/Accelerate.framework/Versions/A/Frameworks/vecLib.framework/Versions/A/libSparse.dylib
0x00007fff54b29000 	/System/Library/PrivateFrameworks/LanguageModeling.framework/Versions/A/LanguageModeling
0x00007fff4737c000 	/System/Library/PrivateFrameworks/CoreEmoji.framework/Versions/A/CoreEmoji
0x00007fff54c47000 	/System/Library/PrivateFrameworks/LinguisticData.framework/Versions/A/LinguisticData
0x00007fff54bf8000 	/System/Library/PrivateFrameworks/Lexicon.framework/Versions/A/Lexicon
0x00007fff66830000 	/usr/lib/libcmph.dylib
0x00007fff38b9b000 	/System/Library/Frameworks/OpenDirectory.framework/Versions/A/Frameworks/CFOpenDirectory.framework/Versions/A/CFOpenDirectory
0x00007fff38bb8000 	/System/Library/Frameworks/OpenDirectory.framework/Versions/A/OpenDirectory
0x00007fff40fdd000 	/System/Library/PrivateFrameworks/APFS.framework/Versions/A/APFS
0x00007fff3c2a7000 	/System/Library/Frameworks/SecurityFoundation.framework/Versions/A/SecurityFoundation
0x00007fff688f6000 	/usr/lib/libutil.dylib
0x00007fff488b1000 	/System/Library/PrivateFrameworks/CoreServicesStore.framework/Versions/A/CoreServicesStore
0x00007fff3c35e000 	/System/Library/Frameworks/ServiceManagement.framework/Versions/A/ServiceManagement
0x00007fff44576000 	/System/Library/PrivateFrameworks/BackgroundTaskManagement.framework/Versions/A/BackgroundTaskManagement
0x00007fff689f3000 	/usr/lib/libxslt.1.dylib
0x00007fff4341a000 	/System/Library/PrivateFrameworks/AppleSystemInfo.framework/Versions/A/AppleSystemInfo
0x00007fff32759000 	/System/Library/Frameworks/ImageIO.framework/Versions/A/Resources/libJPEG.dylib
0x00007fff32a15000 	/System/Library/Frameworks/ImageIO.framework/Versions/A/Resources/libTIFF.dylib
0x00007fff329f8000 	/System/Library/Frameworks/ImageIO.framework/Versions/A/Resources/libPng.dylib
0x00007fff3269b000 	/System/Library/Frameworks/ImageIO.framework/Versions/A/Resources/libGIF.dylib
0x00007fff3269f000 	/System/Library/Frameworks/ImageIO.framework/Versions/A/Resources/libJP2.dylib
0x00007fff32a13000 	/System/Library/Frameworks/ImageIO.framework/Versions/A/Resources/libRadiance.dylib
0x00007fff67272000 	/usr/lib/libexpat.1.dylib
0x00007fff42f02000 	/System/Library/PrivateFrameworks/AppleJPEG.framework/Versions/A/AppleJPEG
0x00007fff4bb9a000 	/System/Library/PrivateFrameworks/FontServices.framework/libFontParser.dylib
0x00007fff62422000 	/System/Library/PrivateFrameworks/WatchdogClient.framework/Versions/A/WatchdogClient
0x00007fff54184000 	/System/Library/PrivateFrameworks/IOAccelerator.framework/Versions/A/IOAccelerator
0x00007fff34f25000 	/System/Library/Frameworks/MetalPerformanceShaders.framework/Versions/A/MetalPerformanceShaders
0x00007fff5091b000 	/System/Library/PrivateFrameworks/GPUWrangler.framework/Versions/A/GPUWrangler
0x00007fff54199000 	/System/Library/PrivateFrameworks/IOPresentment.framework/Versions/A/IOPresentment
0x00007fff4942e000 	/System/Library/PrivateFrameworks/DSExternalDisplay.framework/Versions/A/DSExternalDisplay
0x00007fff3952c000 	/System/Library/Frameworks/OpenGL.framework/Versions/A/Libraries/libCoreFSCache.dylib
0x00007fff34c71000 	/System/Library/Frameworks/MetalPerformanceShaders.framework/Frameworks/MPSCore.framework/Versions/A/MPSCore
0x00007fff34caf000 	/System/Library/Frameworks/MetalPerformanceShaders.framework/Frameworks/MPSImage.framework/Versions/A/MPSImage
0x00007fff34d76000 	/System/Library/Frameworks/MetalPerformanceShaders.framework/Frameworks/MPSNeuralNetwork.framework/Versions/A/MPSNeuralNetwork
0x00007fff34d3a000 	/System/Library/Frameworks/MetalPerformanceShaders.framework/Frameworks/MPSMatrix.framework/Versions/A/MPSMatrix
0x00007fff34ed5000 	/System/Library/Frameworks/MetalPerformanceShaders.framework/Frameworks/MPSRayIntersector.framework/Versions/A/MPSRayIntersector
0x00007fff34d60000 	/System/Library/Frameworks/MetalPerformanceShaders.framework/Frameworks/MPSNDArray.framework/Versions/A/MPSNDArray
0x00007fff56000000 	/System/Library/PrivateFrameworks/MetalTools.framework/Versions/A/MetalTools
0x00007fff421b2000 	/System/Library/PrivateFrameworks/AggregateDictionary.framework/Versions/A/AggregateDictionary
0x00007fff46dc6000 	/System/Library/PrivateFrameworks/CoreAnalytics.framework/Versions/A/CoreAnalytics
0x00007fff43339000 	/System/Library/PrivateFrameworks/AppleSauce.framework/Versions/A/AppleSauce
0x00007fff66230000 	/usr/lib/libIOReport.dylib
0x00007fff31627000 	/System/Library/Frameworks/CoreVideo.framework/Versions/A/CoreVideo
0x00007fff51d95000 	/System/Library/PrivateFrameworks/GraphVisualizer.framework/Versions/A/GraphVisualizer
0x00007fff4b0e1000 	/System/Library/PrivateFrameworks/FaceCore.framework/Versions/A/FaceCore
0x00007fff38b42000 	/System/Library/Frameworks/OpenCL.framework/Versions/A/OpenCL
0x00007fff66052000 	/usr/lib/libFosl_dynamic.dylib
0x00007fff574d6000 	/System/Library/PrivateFrameworks/OTSVG.framework/Versions/A/OTSVG
0x00007fff2d7e1000 	/System/Library/Frameworks/ApplicationServices.framework/Versions/A/Frameworks/ATS.framework/Versions/A/Resources/libFontRegistry.dylib
0x00007fff4bd6c000 	/System/Library/PrivateFrameworks/FontServices.framework/libhvf.dylib
0x00007fff39537000 	/System/Library/Frameworks/OpenGL.framework/Versions/A/Libraries/libGFXShared.dylib
0x00007fff39715000 	/System/Library/Frameworks/OpenGL.framework/Versions/A/Libraries/libGLU.dylib
0x00007fff39540000 	/System/Library/Frameworks/OpenGL.framework/Versions/A/Libraries/libGL.dylib
0x00007fff3954b000 	/System/Library/Frameworks/OpenGL.framework/Versions/A/Libraries/libGLImage.dylib
0x00007fff39529000 	/System/Library/Frameworks/OpenGL.framework/Versions/A/Libraries/libCVMSPluginSupport.dylib
0x00007fff39532000 	/System/Library/Frameworks/OpenGL.framework/Versions/A/Libraries/libCoreVMClient.dylib
0x00007fff67cc4000 	/usr/lib/libncurses.5.4.dylib
0x00007fff2d6dd000 	/System/Library/Frameworks/ApplicationServices.framework/Versions/A/Frameworks/ATS.framework/Versions/A/ATS
0x00007fff2d8aa000 	/System/Library/Frameworks/ApplicationServices.framework/Versions/A/Frameworks/ColorSyncLegacy.framework/Versions/A/ColorSyncLegacy
0x00007fff2d948000 	/System/Library/Frameworks/ApplicationServices.framework/Versions/A/Frameworks/HIServices.framework/Versions/A/HIServices
0x00007fff2d9a0000 	/System/Library/Frameworks/ApplicationServices.framework/Versions/A/Frameworks/LangAnalysis.framework/Versions/A/LangAnalysis
0x00007fff2d9af000 	/System/Library/Frameworks/ApplicationServices.framework/Versions/A/Frameworks/PrintCore.framework/Versions/A/PrintCore
0x00007fff2d9f5000 	/System/Library/Frameworks/ApplicationServices.framework/Versions/A/Frameworks/QD.framework/Versions/A/QD
0x00007fff2da00000 	/System/Library/Frameworks/ApplicationServices.framework/Versions/A/Frameworks/SpeechSynthesis.framework/Versions/A/SpeechSynthesis
0x00007fff2d87a000 	/System/Library/Frameworks/ApplicationServices.framework/Versions/A/Frameworks/ATSUI.framework/Versions/A/ATSUI
0x00007fff67108000 	/usr/lib/libcups.2.dylib
0x00007fff33fc0000 	/System/Library/Frameworks/Kerberos.framework/Versions/A/Kerberos
0x00007fff32101000 	/System/Library/Frameworks/GSS.framework/Versions/A/GSS
0x00007fff68447000 	/usr/lib/libresolv.9.dylib
0x00007fff51f42000 	/System/Library/PrivateFrameworks/Heimdal.framework/Versions/A/Heimdal
0x00007fff33fd3000 	/System/Library/Frameworks/Kerberos.framework/Versions/A/Libraries/libHeimdalProxy.dylib
0x00007fff672af000 	/usr/lib/libheimdal-asn1.dylib
0x00007fff46261000 	/System/Library/PrivateFrameworks/CommonAuth.framework/Versions/A/CommonAuth
0x00007fff434b7000 	/System/Library/PrivateFrameworks/AssertionServices.framework/Versions/A/AssertionServices
0x00007fff44059000 	/System/Library/PrivateFrameworks/AudioToolboxCore.framework/Versions/A/AudioToolboxCore
0x00007fff630cd000 	/System/Library/PrivateFrameworks/caulk.framework/Versions/A/caulk
0x00007fff44622000 	/System/Library/PrivateFrameworks/BaseBoard.framework/Versions/A/BaseBoard
0x00007fff5b72d000 	/System/Library/PrivateFrameworks/RunningBoardServices.framework/Versions/A/RunningBoardServices
0x00007fff58741000 	/System/Library/PrivateFrameworks/PersistentConnection.framework/Versions/A/PersistentConnection
0x00007fff5b127000 	/System/Library/PrivateFrameworks/ProtocolBuffer.framework/Versions/A/ProtocolBuffer
0x00007fff46285000 	/System/Library/PrivateFrameworks/CommonUtilities.framework/Versions/A/CommonUtilities
0x00007fff447b0000 	/System/Library/PrivateFrameworks/Bom.framework/Versions/A/Bom
0x00007fff65f03000 	/usr/lib/libAudioToolboxUtility.dylib
0x00007fff44580000 	/System/Library/PrivateFrameworks/Backup.framework/Versions/A/Backup
0x00007fff4934f000 	/System/Library/PrivateFrameworks/CrashReporterSupport.framework/Versions/A/CrashReporterSupport
0x00007fff5d1be000 	/System/Library/PrivateFrameworks/Sharing.framework/Versions/A/Sharing
0x00007fff42ac5000 	/System/Library/PrivateFrameworks/Apple80211.framework/Versions/A/Apple80211
0x00007fff4429d000 	/System/Library/PrivateFrameworks/AuthKit.framework/Versions/A/AuthKit
0x00007fff4905f000 	/System/Library/PrivateFrameworks/CoreUtils.framework/Versions/A/CoreUtils
0x00007fff3166c000 	/System/Library/Frameworks/CoreWLAN.framework/Versions/A/CoreWLAN
0x00007fff3228e000 	/System/Library/Frameworks/IOBluetooth.framework/Versions/A/IOBluetooth
0x00007fff56305000 	/System/Library/PrivateFrameworks/MobileKeyBag.framework/Versions/A/MobileKeyBag
0x00007fff47e64000 	/System/Library/PrivateFrameworks/CorePhoneNumbers.framework/Versions/A/CorePhoneNumbers
0x00007fff42eb5000 	/System/Library/PrivateFrameworks/AppleIDAuthSupport.framework/Versions/A/AppleIDAuthSupport
0x00007fff35fba000 	/System/Library/Frameworks/Network.framework/Versions/A/Network
0x00007fff549d5000 	/System/Library/PrivateFrameworks/KeychainCircle.framework/Versions/A/KeychainCircle
0x00007fff2f0c0000 	/System/Library/Frameworks/CoreBluetooth.framework/Versions/A/CoreBluetooth
0x00007fff5f23b000 	/System/Library/PrivateFrameworks/SpeechRecognitionCore.framework/Versions/A/SpeechRecognitionCore
0x0000000102800000 	/Library/Java/JavaVirtualMachines/jdk-13.0.2.jdk/Contents/Home/lib/server/libjvm.dylib
0x0000000101f8d000 	/Library/Java/JavaVirtualMachines/jdk-13.0.2.jdk/Contents/Home/lib/libverify.dylib
0x0000000101f99000 	/Library/Java/JavaVirtualMachines/jdk-13.0.2.jdk/Contents/Home/lib/libjava.dylib
0x0000000101fc0000 	/Library/Java/JavaVirtualMachines/jdk-13.0.2.jdk/Contents/Home/lib/libjdwp.dylib
0x0000000101ff6000 	/Library/Java/JavaVirtualMachines/jdk-13.0.2.jdk/Contents/Home/lib/libinstrument.dylib
0x000000010361d000 	/Library/Java/JavaVirtualMachines/jdk-13.0.2.jdk/Contents/Home/lib/libzip.dylib
0x0000000103624000 	/Library/Java/JavaVirtualMachines/jdk-13.0.2.jdk/Contents/Home/lib/libjimage.dylib
0x0000000104461000 	/Library/Java/JavaVirtualMachines/jdk-13.0.2.jdk/Contents/Home/lib/libdt_socket.dylib
0x0000000104467000 	/Library/Java/JavaVirtualMachines/jdk-13.0.2.jdk/Contents/Home/lib/libnio.dylib
0x0000000104475000 	/Library/Java/JavaVirtualMachines/jdk-13.0.2.jdk/Contents/Home/lib/libnet.dylib
0x0000000104488000 	/Library/Java/JavaVirtualMachines/jdk-13.0.2.jdk/Contents/Home/lib/libextnet.dylib
0x000000010448b000 	/Library/Java/JavaVirtualMachines/jdk-13.0.2.jdk/Contents/Home/lib/libsunec.dylib


VM Arguments:
jvm_args: -agentlib:jdwp=transport=dt_socket,suspend=y,address=localhost:56828 -javaagent:/Users/jorge.padilla/eclipse/dsl-2020-03/Eclipse.app/Contents/Eclipse/configuration/org.eclipse.osgi/254/0/.cp/lib/javaagent-shaded.jar -Dfile.encoding=UTF-8 
java_command: homeWork
java_class_path (initial): /Users/jorge.padilla/Selenium/Introduction/bin:/Users/jorge.padilla/Downloads/selenium-server-3.141.59/selenium-3.141.59-nodeps-sources.jar:/Users/jorge.padilla/Downloads/selenium-server-3.141.59/selenium-3.141.59-nodeps.jar:/Users/jorge.padilla/Downloads/selenium-server-3.141.59/libs/bundle-jars.jar:/Users/jorge.padilla/Downloads/selenium-server-3.141.59/libs/byte-buddy-1.8.15.jar:/Users/jorge.padilla/Downloads/selenium-server-3.141.59/libs/commons-exec-1.3.jar:/Users/jorge.padilla/Downloads/selenium-server-3.141.59/libs/guava-25.0-jre.jar:/Users/jorge.padilla/Downloads/selenium-server-3.141.59/libs/javax.servlet-api-3.1.0.jar:/Users/jorge.padilla/Downloads/selenium-server-3.141.59/libs/jcip-annotations-1.0.jar:/Users/jorge.padilla/Downloads/selenium-server-3.141.59/libs/jcommander-1.72.jar:/Users/jorge.padilla/Downloads/selenium-server-3.141.59/libs/okhttp-3.11.0.jar:/Users/jorge.padilla/Downloads/selenium-server-3.141.59/libs/okio-1.14.0.jar:/Users/jorge.padilla/Downloads/selenium-server-3.141.59/libs/snakeyaml-1.19.jar:/Users/jorge.padilla/Downloads/testng-6.9.4.jar
Launcher Type: SUN_STANDARD

[Global flags]
     intx CICompilerCount                          = 3                                         {product} {ergonomic}
     uint ConcGCThreads                            = 1                                         {product} {ergonomic}
     uint G1ConcRefinementThreads                  = 4                                         {product} {ergonomic}
   size_t G1HeapRegionSize                         = 1048576                                   {product} {ergonomic}
    uintx GCDrainStackTargetSize                   = 64                                        {product} {ergonomic}
   size_t InitialHeapSize                          = 134217728                                 {product} {ergonomic}
   size_t MarkStackSize                            = 4194304                                   {product} {ergonomic}
   size_t MaxHeapSize                              = 2147483648                                {product} {ergonomic}
   size_t MaxNewSize                               = 1287651328                                {product} {ergonomic}
   size_t MinHeapDeltaBytes                        = 1048576                                   {product} {ergonomic}
   size_t MinHeapSize                              = 8388608                                   {product} {ergonomic}
    uintx NonNMethodCodeHeapSize                   = 5832780                                {pd product} {ergonomic}
    uintx NonProfiledCodeHeapSize                  = 122912730                              {pd product} {ergonomic}
    uintx ProfiledCodeHeapSize                     = 122912730                              {pd product} {ergonomic}
    uintx ReservedCodeCacheSize                    = 251658240                              {pd product} {ergonomic}
     bool SegmentedCodeCache                       = true                                      {product} {ergonomic}
   size_t SoftMaxHeapSize                          = 2147483648                             {manageable} {ergonomic}
     bool UseCompressedClassPointers               = true                                 {lp64_product} {ergonomic}
     bool UseCompressedOops                        = true                                 {lp64_product} {ergonomic}
     bool UseG1GC                                  = true                                      {product} {ergonomic}

Logging:
Log output configuration:
 #0: stdout all=warning uptime,level,tags
 #1: stderr all=off uptime,level,tags

Environment Variables:
PATH=/usr/bin:/bin:/usr/sbin:/sbin
SHELL=/bin/zsh

Signal Handlers:
SIGSEGV: [libjvm.dylib+0x77ba40], sa_mask[0]=11111111011111110111111111111111, sa_flags=SA_ONSTACK|SA_RESTART|SA_SIGINFO
SIGBUS: [libjvm.dylib+0x77ba40], sa_mask[0]=11111111011111110111111111111111, sa_flags=SA_RESTART|SA_SIGINFO
SIGFPE: [libjvm.dylib+0x77ba40], sa_mask[0]=11111111011111110111111111111111, sa_flags=SA_RESTART|SA_SIGINFO
SIGPIPE: [libjvm.dylib+0x6221fd], sa_mask[0]=11111111011111110111111111111111, sa_flags=SA_RESTART|SA_SIGINFO
SIGXFSZ: [libjvm.dylib+0x6221fd], sa_mask[0]=11111111011111110111111111111111, sa_flags=SA_RESTART|SA_SIGINFO
SIGILL: [libjvm.dylib+0x77ba40], sa_mask[0]=11111111011111110111111111111111, sa_flags=SA_RESTART|SA_SIGINFO
SIGUSR2: [libjvm.dylib+0x6227e7], sa_mask[0]=00100000000000000000000000000000, sa_flags=SA_RESTART|SA_SIGINFO
SIGHUP: [libjvm.dylib+0x6217d5], sa_mask[0]=11111111011111110111111111111111, sa_flags=SA_RESTART|SA_SIGINFO
SIGINT: [libjvm.dylib+0x6217d5], sa_mask[0]=11111111011111110111111111111111, sa_flags=SA_RESTART|SA_SIGINFO
SIGTERM: [libjvm.dylib+0x6217d5], sa_mask[0]=11111111011111110111111111111111, sa_flags=SA_RESTART|SA_SIGINFO
SIGQUIT: [libjvm.dylib+0x6217d5], sa_mask[0]=11111111011111110111111111111111, sa_flags=SA_RESTART|SA_SIGINFO


---------------  S Y S T E M  ---------------

OS:uname:Darwin 19.5.0 Darwin Kernel Version 19.5.0: Tue May 26 20:41:44 PDT 2020; root:xnu-6153.121.2~2/RELEASE_X86_64 x86_64
rlimit: STACK 8192k, CORE 0k, NPROC 1392, NOFILE 10240, AS infinity, DATA infinity, FSIZE infinity
load average:3.63 2.96 2.80

CPU:total 4 (initial active 4) (2 cores per cpu, 2 threads per core) family 6 model 142 stepping 9, cmov, cx8, fxsr, mmx, sse, sse2, sse3, ssse3, sse4.1, sse4.2, popcnt, avx, avx2, aes, clmul, erms, rtm, 3dnowpref, lzcnt, ht, tsc, tscinvbit, bmi1, bmi2, adx, fma

Memory: 4k page, physical 8388608k(50896k free), swap 6291456k(724992k free)

vm_info: Java HotSpot(TM) 64-Bit Server VM (13.0.2+8) for bsd-amd64 JRE (13.0.2+8), built on Dec 11 2019 09:27:08 by "mach5one" with clang 4.2.1 Compatible Apple LLVM 10.0.0 (clang-1000.11.45.5)

END.
